2017-04-15 19:56:28 username= 116249 app_id= 60168 agent_game= tmfyol_60168_291 agent_id= 291
2017-04-15 20:31:44 username= 113252 app_id= 60118 agent_game= jztl_60118_304 agent_id= 304
2017-04-15 20:32:08 username= 13927142522 app_id= 60118 agent_game= jztl_60118_304 agent_id= 304
2017-04-15 20:33:39 username= 13290213886 app_id= 60174 agent_game= qyxxc_60174_306 agent_id= 306
2017-04-15 20:34:40 username= 113802 app_id= 60118 agent_game= jztl_60118_169 agent_id= 169
2017-04-15 20:40:04 username= 117733 app_id= 60174 agent_game= qyxxc_60174_169 agent_id= 169
2017-04-15 20:51:08 username= 112489 app_id= 60174 agent_game= qyxxc_60174_168 agent_id= 168
2017-04-15 21:20:53 username= 1521305104 app_id= 60174 agent_game= qyxxc_60174_168 agent_id= 168
2017-04-15 21:28:10 username= 15161211132 app_id= 60137 agent_game= mhsw_60137_307 agent_id= 307
2017-04-15 21:32:43 username= 18615727536 app_id= 60118 agent_game= jztl_60118_169 agent_id= 169
2017-04-15 21:47:40 username= xiaomi0 app_id= 60147 agent_game= default agent_id= 0
2017-04-15 21:53:41 username= 2684505560 app_id= 60118 agent_game= jztl_60118_304 agent_id= 304
2017-04-15 21:54:25 username= 18562787295 app_id= 60137 agent_game= mhsw_60137_169 agent_id= 169
2017-04-15 22:06:41 username= 15907469168 app_id= 60174 agent_game= qyxxc_60174_168 agent_id= 168
2017-04-15 22:30:05 username= a830323 app_id= 60178 agent_game= yhqj_60178_306 agent_id= 306
2017-04-15 22:31:43 username= 115207 app_id= 60174 agent_game= qyxxc_60174_168 agent_id= 168
2017-04-15 22:34:09 username= 617146 app_id= 60118 agent_game= jztl_60118_304 agent_id= 304
2017-04-15 22:41:12 username= udydusu app_id= 60118 agent_game= jztl_60118_304 agent_id= 304
2017-04-15 22:41:38 username= 2780008244 app_id= 60153 agent_game= szol_60153_283 agent_id= 283
2017-04-15 22:41:55 username= qq25155 app_id= 60118 agent_game= jztl_60118_304 agent_id= 304
2017-04-15 22:51:41 username= 807380620 app_id= 60174 agent_game= qyxxc_60174_225 agent_id= 225
2017-04-15 22:53:47 username= q892875481 app_id= 60132 agent_game= ws_60132_246 agent_id= 246
2017-04-15 23:00:00 username= 110306 app_id= 60174 agent_game= qyxxc_60174_283 agent_id= 283
2017-04-15 23:07:43 username= w892875481 app_id= 60165 agent_game= jxws_60165_246 agent_id= 246
2017-04-15 23:21:16 username= 244018132 app_id= 60153 agent_game= szol_60153_241 agent_id= 241
2017-04-15 23:39:38 username= 15925710126 app_id= 60181 agent_game= gmdl_60181_292 agent_id= 292
2017-04-15 23:41:44 username= 13385594547 app_id= 60118 agent_game= jztl_60118_304 agent_id= 304
2017-04-15 23:47:48 username= 115133 app_id= 60118 agent_game= jztl_60118_304 agent_id= 304
2017-04-15 23:58:07 username= 2284049012 app_id= 60118 agent_game= jztl_60118_125 agent_id= 125
2017-04-15 23:59:49 username= qishen520 app_id= 60153 agent_game= szol_60153_283 agent_id= 283
2017-04-16 00:04:42 username= qixiaohang1992 app_id= 60137 agent_game= mhsw_60137_305 agent_id= 305
2017-04-16 00:15:36 username= ai20520 app_id= 60174 agent_game= qyxxc_60174_168 agent_id= 168
2017-04-16 00:18:47 username= 116357 app_id= 60153 agent_game= szol_60153_306 agent_id= 306
2017-04-16 00:19:56 username= b830323 app_id= 60118 agent_game= jztl_60118_306 agent_id= 306
2017-04-16 00:29:54 username= yan2316802 app_id= 60137 agent_game= mhsw_60137_306 agent_id= 306
2017-04-16 00:32:17 username= 18184621319 app_id= 60168 agent_game= tmfyol_60168_241 agent_id= 241
2017-04-16 00:52:49 username= qqq11111 app_id= 60168 agent_game= tmfyol_60168_168 agent_id= 168
2017-04-16 00:58:37 username= lizzzzz app_id= 60174 agent_game= qyxxc_60174_307 agent_id= 307
2017-04-16 01:03:00 username= 15535020586 app_id= 60174 agent_game= qyxxc_60174_168 agent_id= 168
2017-04-16 02:14:33 username= 269185886 app_id= 60147 agent_game= zlcs_60147_169 agent_id= 169
2017-04-16 03:36:32 username= 13005901539 app_id= 60174 agent_game= qyxxc_60174_168 agent_id= 168
2017-04-16 06:30:15 username= liu8899 app_id= 60118 agent_game= jztl_60118_304 agent_id= 304
2017-04-16 07:46:04 username= a09287 app_id= 60129 agent_game= jzcq_60129_169 agent_id= 169
2017-04-16 07:52:42 username= 13259048880 app_id= 60174 agent_game= qyxxc_60174_304 agent_id= 304
2017-04-16 07:55:38 username= 18829658325 app_id= 60118 agent_game= jztl_60118_225 agent_id= 225
2017-04-16 08:30:31 username= 1016618264 app_id= 60118 agent_game= jztl_60118_304 agent_id= 304
2017-04-16 08:36:54 username= 2199999 app_id= 60147 agent_game= zlcs_60147_225 agent_id= 225
2017-04-16 09:33:41 username= zc970102 app_id= 60153 agent_game= szol_60153_168 agent_id= 168
2017-04-16 09:44:11 username= 113169 app_id= 60168 agent_game= tmfyol_60168_169 agent_id= 169
2017-04-16 09:45:07 username= 2598970840 app_id= 60118 agent_game= jztl_60118_304 agent_id= 304
2017-04-16 09:45:25 username= 11071096 app_id= 60168 agent_game= tmfyol_60168_169 agent_id= 169
2017-04-16 10:03:20 username= wu173904977 app_id= 60118 agent_game= jztl_60118_304 agent_id= 304
2017-04-16 10:15:59 username= 111925 app_id= 60118 agent_game= jztl_60118_304 agent_id= 304
2017-04-16 10:21:41 username= 6214505 app_id= 60168 agent_game= tmfyol_60168_168 agent_id= 168
2017-04-16 10:26:31 username= 111868 app_id= 60137 agent_game= mhsw_60137_306 agent_id= 306
2017-04-16 10:29:35 username= 1738204337 app_id= 60153 agent_game= szol_60153_168 agent_id= 168
2017-04-16 11:43:36 username= 15263427405 app_id= 60118 agent_game= jztl_60118_169 agent_id= 169
2017-04-16 11:56:16 username= 114353 app_id= 60147 agent_game= zlcs_60147_225 agent_id= 225
2017-04-16 12:02:43 username= 18625319869 app_id= 60181 agent_game= gmdl_60181_292 agent_id= 292
2017-04-16 12:15:50 username= ligoudan10 app_id= 60153 agent_game= szol_60153_169 agent_id= 169
2017-04-16 12:22:39 username= 18230424832 app_id= 60168 agent_game= tmfyol_60168_241 agent_id= 241
2017-04-16 12:31:35 username= 18754102792 app_id= 60185 agent_game= qmdmx_60185_225 agent_id= 225
2017-04-16 12:36:20 username= 13071721175 app_id= 60174 agent_game= qyxxc_60174_169 agent_id= 169
2017-04-16 12:45:47 username= abcvs2008 app_id= 60168 agent_game= tmfyol_60168_283 agent_id= 283
2017-04-16 12:58:22 username= 13324857648 app_id= 60147 agent_game= zlcs_60147_123 agent_id= 123
2017-04-16 13:19:51 username= 13015615167 app_id= 60118 agent_game= jztl_60118_169 agent_id= 169
2017-04-16 13:23:50 username= aa000928 app_id= 60181 agent_game= gmdl_60181_292 agent_id= 292
2017-04-16 13:26:28 username= wangfeng000000a app_id= 60174 agent_game= qyxxc_60174_269 agent_id= 269
2017-04-16 13:37:26 username= a3690017281 app_id= 60172 agent_game= ht_60172_168 agent_id= 168
2017-04-16 13:43:30 username= 15252244995 app_id= 60147 agent_game= zlcs_60147_168 agent_id= 168
2017-04-16 13:59:27 username= 1634678162 app_id= 60185 agent_game= qmdmx_60185_225 agent_id= 225
2017-04-16 14:02:49 username= 18765785187 app_id= 60147 agent_game= zlcs_60147_168 agent_id= 168
2017-04-16 14:18:28 username= xiaoguai0721 app_id= 60174 agent_game= qyxxc_60174_283 agent_id= 283
2017-04-16 14:28:18 username= 74711231 app_id= 60174 agent_game= qyxxc_60174_269 agent_id= 269
2017-04-16 14:38:35 username= 117019 app_id= 60147 agent_game= zlcs_60147_305 agent_id= 305
2017-04-16 15:06:14 username= A78521 app_id= 60181 agent_game= gmdl_60181_304 agent_id= 304
2017-04-16 15:19:02 username= llijun4055 app_id= 60168 agent_game= tmfyol_60168_169 agent_id= 169
2017-04-16 15:30:56 username= 18377157698 app_id= 60147 agent_game= zlcs_60147_168 agent_id= 168
2017-04-16 15:45:04 username= 2544030385 app_id= 60172 agent_game= ht_60172_225 agent_id= 225
2017-04-16 16:03:57 username= q12422 app_id= 60118 agent_game= jztl_60118_304 agent_id= 304
2017-04-16 16:12:59 username= a610945584 app_id= 60174 agent_game= qyxxc_60174_304 agent_id= 304
2017-04-16 16:21:00 username= huuhui11111 app_id= 60147 agent_game= zlcs_60147_168 agent_id= 168
2017-04-16 16:40:33 username= 13072222245 app_id= 60153 agent_game= szol_60153_168 agent_id= 168
2017-04-16 16:43:38 username= 113333 app_id= 60132 agent_game= ws_60132_246 agent_id= 246
2017-04-16 16:45:48 username= as123456789 app_id= 60178 agent_game= yhqj_60178_168 agent_id= 168
2017-04-16 16:56:24 username= 1759313479 app_id= 60133 agent_game= qgjqol_60133_131 agent_id= 131
2017-04-16 17:04:08 username= 111207 app_id= 60136 agent_game= ssol_60136_246 agent_id= 246
2017-04-16 17:07:35 username= 707215523 app_id= 60142 agent_game= zmq_60142_290 agent_id= 290
2017-04-16 17:15:08 username= 115418 app_id= 60132 agent_game= ws_60132_246 agent_id= 246
2017-04-16 17:16:15 username= 3195466326 app_id= 60118 agent_game= jztl_60118_169 agent_id= 169
2017-04-16 17:17:18 username= 117546 app_id= 60137 agent_game= mhsw_60137_246 agent_id= 246
2017-04-16 17:20:19 username= hoob33 app_id= 60118 agent_game= jztl_60118_304 agent_id= 304
2017-04-16 17:20:56 username= 119704 app_id= 60145 agent_game= djkw_60145_246 agent_id= 246
2017-04-16 17:29:42 username= 116708 app_id= 60139 agent_game= xljs_60139_246 agent_id= 246
2017-04-16 17:32:04 username= 112037 app_id= 60139 agent_game= xljs_60139_246 agent_id= 246
2017-04-16 17:37:22 username= 18921413382 app_id= 60168 agent_game= tmfyol_60168_241 agent_id= 241
2017-04-16 17:41:21 username= 110090 app_id= 60139 agent_game= xljs_60139_246 agent_id= 246
2017-04-16 17:59:12 username= 8649723 app_id= 60118 agent_game= jztl_60118_169 agent_id= 169
2017-04-16 18:02:28 username= 18915903036 app_id= 60168 agent_game= tmfyol_60168_225 agent_id= 225
2017-04-16 18:22:46 username= 997000679 app_id= 60118 agent_game= jztl_60118_273 agent_id= 273
2017-04-16 18:22:50 username= cs881020 app_id= 60118 agent_game= jztl_60118_283 agent_id= 283
2017-04-16 18:23:39 username= 6522137 app_id= 60147 agent_game= zlcs_60147_225 agent_id= 225
2017-04-16 18:57:00 username= a6950816 app_id= 60168 agent_game= tmfyol_60168_290 agent_id= 290
2017-04-16 19:35:20 username= 111976 app_id= 60147 agent_game= zlcs_60147_305 agent_id= 305
2017-04-16 19:36:05 username= qwe981606627 app_id= 60118 agent_game= jztl_60118_304 agent_id= 304
2017-04-16 19:53:28 username= niu511002361 app_id= 60174 agent_game= qyxxc_60174_168 agent_id= 168
2017-04-16 20:05:02 username= 198168 app_id= 60118 agent_game= jztl_60118_169 agent_id= 169
2017-04-16 20:06:45 username= 646060964 app_id= 60168 agent_game= tmfyol_60168_283 agent_id= 283
2017-04-16 20:09:43 username= 115301 app_id= 60147 agent_game= zlcs_60147_279 agent_id= 279
2017-04-16 20:24:07 username= aikn125346 app_id= 60155 agent_game= kdyggba_60155_168 agent_id= 168
2017-04-16 20:52:42 username= qq059870 app_id= 60147 agent_game= zlcs_60147_168 agent_id= 168
2017-04-16 21:08:09 username= 115568 app_id= 60174 agent_game= qyxxc_60174_169 agent_id= 169
2017-04-16 21:58:19 username= 112641 app_id= 60153 agent_game= szol_60153_283 agent_id= 283
2017-04-16 22:15:54 username= 15311160570 app_id= 60168 agent_game= tmfyol_60168_168 agent_id= 168
2017-04-16 22:23:16 username= 112403 app_id= 60118 agent_game= jztl_60118_304 agent_id= 304
2017-04-16 22:35:04 username= 114454 app_id= 60147 agent_game= zlcs_60147_241 agent_id= 241
2017-04-16 22:36:31 username= 118737 app_id= 60153 agent_game= szol_60153_169 agent_id= 169
2017-04-16 22:37:56 username= wk1593578 app_id= 60157 agent_game= dgsg_60157_241 agent_id= 241
2017-04-16 22:39:56 username= 15811411714 app_id= 60118 agent_game= jztl_60118_169 agent_id= 169
2017-04-16 22:42:07 username= 1614253548 app_id= 60118 agent_game= jztl_60118_305 agent_id= 305
2017-04-16 22:44:17 username= niuniu123 app_id= 60118 agent_game= jztl_60118_169 agent_id= 169
2017-04-16 22:52:41 username= 15234507440 app_id= 60174 agent_game= qyxxc_60174_168 agent_id= 168
2017-04-16 22:56:12 username= yang931201 app_id= 60153 agent_game= szol_60153_283 agent_id= 283
2017-04-16 23:33:15 username= pdr132r app_id= 60153 agent_game= szol_60153_306 agent_id= 306
2017-04-16 23:37:22 username= 119253 app_id= 60174 agent_game= qyxxc_60174_304 agent_id= 304
2017-04-17 00:17:51 username= 110723 app_id= 60118 agent_game= jztl_60118_304 agent_id= 304
2017-04-17 00:37:13 username= 113533 app_id= 60153 agent_game= szol_60153_283 agent_id= 283
2017-04-17 02:27:25 username= a369985906 app_id= 60153 agent_game= szol_60153_304 agent_id= 304
2017-04-17 02:38:17 username= 369985 app_id= 60168 agent_game= tmfyol_60168_304 agent_id= 304
2017-04-17 03:50:23 username= 100100 app_id= 60145 agent_game= djkw_60145_168 agent_id= 168
2017-04-17 04:59:44 username= a531537640 app_id= 60174 agent_game= qyxxc_60174_304 agent_id= 304
2017-04-17 05:38:30 username= 112622 app_id= 60118 agent_game= jztl_60118_306 agent_id= 306
2017-04-17 06:01:34 username= haogege app_id= 60174 agent_game= qyxxc_60174_305 agent_id= 305
2017-04-17 07:15:22 username= 114061 app_id= 60174 agent_game= qyxxc_60174_283 agent_id= 283
2017-04-17 08:04:59 username= 13549473806 app_id= 60168 agent_game= tmfyol_60168_269 agent_id= 269
2017-04-17 09:14:07 username= y308043966 app_id= 60178 agent_game= yhqj_60178_304 agent_id= 304
2017-04-17 09:14:32 username= yuedada app_id= 60174 agent_game= qyxxc_60174_225 agent_id= 225
2017-04-17 09:58:29 username= z373423151 app_id= 60118 agent_game= jztl_60118_304 agent_id= 304
2017-04-17 10:42:45 username= www115115 app_id= 60118 agent_game= jztl_60118_169 agent_id= 169
2017-04-17 10:44:31 username= as157900 app_id= 60178 agent_game= yhqj_60178_304 agent_id= 304
2017-04-17 11:12:19 username= qiu149404797 app_id= 60174 agent_game= qyxxc_60174_304 agent_id= 304
2017-04-17 11:20:31 username= ssss002 app_id= 60193 agent_game= default agent_id= 0
2017-04-17 11:28:55 username= 15518004646 app_id= 60137 agent_game= mhsw_60137_307 agent_id= 307
2017-04-17 11:43:49 username= 2318527423 app_id= 60174 agent_game= qyxxc_60174_241 agent_id= 241
2017-04-17 12:00:39 username= 15180033880 app_id= 60174 agent_game= qyxxc_60174_241 agent_id= 241
2017-04-17 12:10:12 username= 15290319296 app_id= 60147 agent_game= zlcs_60147_241 agent_id= 241
2017-04-17 12:14:01 username= hhhjjjkkk app_id= 60147 agent_game= zlcs_60147_168 agent_id= 168
2017-04-17 12:31:06 username= 949362431 app_id= 60137 agent_game= mhsw_60137_307 agent_id= 307
2017-04-17 12:40:29 username= a134267 app_id= 60137 agent_game= mhsw_60137_241 agent_id= 241
2017-04-17 12:47:27 username= 1215789589 app_id= 60118 agent_game= jztl_60118_304 agent_id= 304
2017-04-17 12:54:40 username= t631767480 app_id= 60174 agent_game= qyxxc_60174_241 agent_id= 241
2017-04-17 13:02:53 username= ye8888 app_id= 60153 agent_game= szol_60153_304 agent_id= 304
2017-04-17 13:21:46 username= 116748 app_id= 60147 agent_game= zlcs_60147_123 agent_id= 123
2017-04-17 13:30:57 username= 1997621 app_id= 60174 agent_game= qyxxc_60174_283 agent_id= 283
2017-04-17 13:32:28 username= w12312 app_id= 60147 agent_game= zlcs_60147_168 agent_id= 168
2017-04-17 13:43:32 username= 1404614551 app_id= 60174 agent_game= qyxxc_60174_169 agent_id= 169
2017-04-17 14:09:11 username= 15274092835 app_id= 60137 agent_game= mhsw_60137_306 agent_id= 306
2017-04-17 14:12:37 username= 159951111 app_id= 60196 agent_game= default agent_id= 0
2017-04-17 14:37:55 username= 117535 app_id= 60118 agent_game= jztl_60118_306 agent_id= 306
2017-04-17 15:08:07 username= 112123 app_id= 60196 agent_game= default agent_id= 0
2017-04-17 15:13:08 username= 18436208898 app_id= 60168 agent_game= tmfyol_60168_308 agent_id= 308
2017-04-17 15:14:28 username= 1002377087 app_id= 60118 agent_game= jztl_60118_168 agent_id= 168
2017-04-17 15:18:26 username= 13383700233 app_id= 60153 agent_game= szol_60153_169 agent_id= 169
2017-04-17 15:27:37 username= 114126 app_id= 60137 agent_game= mhsw_60137_306 agent_id= 306
2017-04-17 15:32:48 username= a1472580 app_id= 60174 agent_game= qyxxc_60174_168 agent_id= 168
2017-04-17 15:32:51 username= 112954 app_id= 60190 agent_game= default agent_id= 0
2017-04-17 15:36:17 username= ljh651165034 app_id= 60137 agent_game= mhsw_60137_305 agent_id= 305
2017-04-17 15:47:58 username= 6522486 app_id= 60137 agent_game= mhsw_60137_306 agent_id= 306
2017-04-17 16:30:28 username= woaini00 app_id= 60145 agent_game= djkw_60145_304 agent_id= 304
2017-04-17 16:34:31 username= 272813550 app_id= 60153 agent_game= szol_60153_304 agent_id= 304
2017-04-17 16:36:11 username= 15074127880 app_id= 60178 agent_game= yhqj_60178_305 agent_id= 305
2017-04-17 16:41:44 username= 18268725520 app_id= 60153 agent_game= szol_60153_225 agent_id= 225
2017-04-17 16:51:07 username= 15688556566 app_id= 60137 agent_game= mhsw_60137_306 agent_id= 306
2017-04-17 16:53:14 username= 18613979020 app_id= 60199 agent_game= default agent_id= 0
2017-04-17 16:55:43 username= 15968519945 app_id= 60199 agent_game= default agent_id= 0
2017-04-17 17:20:31 username= 2479716004 app_id= 60178 agent_game= yhqj_60178_305 agent_id= 305
2017-04-17 17:24:32 username= 13648434014 app_id= 60170 agent_game= eva_60170_309 agent_id= 309
2017-04-17 17:34:44 username= 111671 app_id= 60168 agent_game= default agent_id= 0
2017-04-17 17:35:33 username= su123456 app_id= 60153 agent_game= szol_60153_283 agent_id= 283
2017-04-17 17:45:43 username= 111950 app_id= 60168 agent_game= default agent_id= 0
2017-04-17 17:46:53 username= 15955270320 app_id= 60153 agent_game= szol_60153_168 agent_id= 168
2017-04-17 17:51:06 username= 996625546 app_id= 60147 agent_game= zlcs_60147_225 agent_id= 225
2017-04-17 17:57:14 username= 115156 app_id= 60178 agent_game= yhqj_60178_168 agent_id= 168
2017-04-17 18:02:09 username= 13688486751 app_id= 60178 agent_game= yhqj_60178_169 agent_id= 169
2017-04-17 18:12:31 username= 15281668487 app_id= 60178 agent_game= yhqj_60178_304 agent_id= 304
2017-04-17 18:15:30 username= liuwanli app_id= 60178 agent_game= yhqj_60178_305 agent_id= 305
2017-04-17 18:17:40 username= aa460893772 app_id= 60181 agent_game= gmdl_60181_304 agent_id= 304
2017-04-17 18:28:09 username= 18749106624 app_id= 60168 agent_game= tmfyol_60168_168 agent_id= 168
2017-04-17 18:29:45 username= yujin321 app_id= 60178 agent_game= yhqj_60178_168 agent_id= 168
2017-04-17 18:30:06 username= wang6366484 app_id= 60178 agent_game= yhqj_60178_305 agent_id= 305
2017-04-17 18:33:11 username= 15550712625 app_id= 60178 agent_game= yhqj_60178_305 agent_id= 305
2017-04-17 18:33:18 username= qqqaaazzzx app_id= 60137 agent_game= mhsw_60137_304 agent_id= 304
2017-04-17 18:36:25 username= 114915 app_id= 60178 agent_game= yhqj_60178_304 agent_id= 304
2017-04-17 18:37:29 username= 123480 app_id= 60199 agent_game= default agent_id= 0
2017-04-17 18:38:08 username= south0225 app_id= 60178 agent_game= yhqj_60178_307 agent_id= 307
2017-04-17 18:44:17 username= 118569 app_id= 60178 agent_game= yhqj_60178_168 agent_id= 168
2017-04-17 18:49:09 username= 2484692291 app_id= 60178 agent_game= yhqj_60178_168 agent_id= 168
2017-04-17 18:49:37 username= 18872662897 app_id= 60178 agent_game= yhqj_60178_169 agent_id= 169
2017-04-17 18:53:32 username= 1512206750 app_id= 60178 agent_game= yhqj_60178_305 agent_id= 305
2017-04-17 18:53:48 username= 520520520 app_id= 60178 agent_game= yhqj_60178_168 agent_id= 168
2017-04-17 18:57:31 username= V522366 app_id= 60178 agent_game= yhqj_60178_304 agent_id= 304
2017-04-17 18:59:02 username= 112884 app_id= 60178 agent_game= yhqj_60178_307 agent_id= 307
2017-04-17 19:01:55 username= wang6366374 app_id= 60178 agent_game= yhqj_60178_305 agent_id= 305
2017-04-17 19:02:57 username= qq5236910 app_id= 60178 agent_game= yhqj_60178_305 agent_id= 305
2017-04-17 19:03:29 username= 18338367014 app_id= 60178 agent_game= yhqj_60178_305 agent_id= 305
2017-04-17 19:06:40 username= 114345 app_id= 60178 agent_game= yhqj_60178_307 agent_id= 307
2017-04-17 19:06:42 username= 117865 app_id= 60178 agent_game= yhqj_60178_305 agent_id= 305
2017-04-17 19:07:05 username= qw1233 app_id= 60174 agent_game= qyxxc_60174_269 agent_id= 269
2017-04-17 19:10:14 username= 118747 app_id= 60178 agent_game= yhqj_60178_305 agent_id= 305
2017-04-17 19:23:43 username= 15225152825 app_id= 60178 agent_game= yhqj_60178_304 agent_id= 304
2017-04-17 19:36:34 username= 1172099273 app_id= 60178 agent_game= yhqj_60178_269 agent_id= 269
2017-04-17 19:39:06 username= 112047 app_id= 60147 agent_game= zlcs_60147_283 agent_id= 283
2017-04-17 19:48:11 username= x837946658 app_id= 60168 agent_game= tmfyol_60168_241 agent_id= 241
2017-04-17 19:48:27 username= Q203700173 app_id= 60147 agent_game= zlcs_60147_283 agent_id= 283
2017-04-17 19:53:27 username= 739293638 app_id= 60178 agent_game= yhqj_60178_269 agent_id= 269
2017-04-17 20:03:26 username= 111546 app_id= 60147 agent_game= zlcs_60147_168 agent_id= 168
2017-04-17 20:03:35 username= 890727 app_id= 60178 agent_game= yhqj_60178_269 agent_id= 269
2017-04-17 20:18:55 username= 113082 app_id= 60147 agent_game= zlcs_60147_352 agent_id= 352
2017-04-17 20:52:28 username= 113881 app_id= 60137 agent_game= mhsw_60137_308 agent_id= 308
2017-04-17 21:01:52 username= 15199066511 app_id= 60147 agent_game= zlcs_60147_169 agent_id= 169
2017-04-17 21:08:40 username= 115239 app_id= 60137 agent_game= mhsw_60137_304 agent_id= 304
2017-04-17 21:08:49 username= cs88102000 app_id= 60147 agent_game= zlcs_60147_283 agent_id= 283
2017-04-17 21:15:23 username= qaz004527 app_id= 60185 agent_game= qmdmx_60185_168 agent_id= 168
2017-04-17 21:17:05 username= 009553 app_id= 60178 agent_game= yhqj_60178_168 agent_id= 168
2017-04-17 21:23:23 username= zhangjin4702590 app_id= 60174 agent_game= qyxxc_60174_168 agent_id= 168
2017-04-17 21:41:41 username= 56595964 app_id= 60153 agent_game= szol_60153_241 agent_id= 241
2017-04-17 21:42:58 username= 111855 app_id= 60153 agent_game= szol_60153_269 agent_id= 269
2017-04-17 21:43:19 username= 13614516618 app_id= 60153 agent_game= szol_60153_169 agent_id= 169
2017-04-17 21:43:38 username= 110280 app_id= 60153 agent_game= szol_60153_283 agent_id= 283
2017-04-17 21:49:55 username= 113243 app_id= 60153 agent_game= szol_60153_269 agent_id= 269
2017-04-17 21:54:48 username= zz123321 app_id= 60147 agent_game= zlcs_60147_168 agent_id= 168
2017-04-17 22:16:39 username= 18807438303 app_id= 60153 agent_game= szol_60153_269 agent_id= 269
2017-04-17 22:20:26 username= laozi123 app_id= 60137 agent_game= mhsw_60137_304 agent_id= 304
2017-04-17 22:29:04 username= yuanhai258 app_id= 60153 agent_game= szol_60153_241 agent_id= 241
2017-04-17 22:35:38 username= longh345 app_id= 60168 agent_game= tmfyol_60168_308 agent_id= 308
2017-04-17 22:46:11 username= 110144 app_id= 60118 agent_game= jztl_60118_283 agent_id= 283
2017-04-17 22:47:24 username= polo001 app_id= 60153 agent_game= szol_60153_283 agent_id= 283
2017-04-17 22:53:23 username= 18776343634 app_id= 60147 agent_game= zlcs_60147_283 agent_id= 283
2017-04-17 22:55:55 username= sendweiko app_id= 60153 agent_game= szol_60153_169 agent_id= 169
2017-04-17 22:56:00 username= 18793094367 app_id= 60153 agent_game= szol_60153_269 agent_id= 269
2017-04-17 23:26:13 username= kt0110 app_id= 60129 agent_game= jzcq_60129_169 agent_id= 169
2017-04-17 23:30:00 username= zxc152356 app_id= 60153 agent_game= szol_60153_306 agent_id= 306
2017-04-17 23:34:53 username= yzj74108520 app_id= 60137 agent_game= mhsw_60137_305 agent_id= 305
2017-04-17 23:37:38 username= q1803486224 app_id= 60168 agent_game= tmfyol_60168_305 agent_id= 305
2017-04-17 23:43:01 username= 15970941962 app_id= 60118 agent_game= jztl_60118_305 agent_id= 305
2017-04-17 23:43:47 username= 13787526130 app_id= 60153 agent_game= szol_60153_269 agent_id= 269
2017-04-17 23:52:46 username= 18894209269 app_id= 60153 agent_game= szol_60153_241 agent_id= 241
2017-04-17 23:59:48 username= 840672038 app_id= 60168 agent_game= tmfyol_60168_225 agent_id= 225
2017-04-18 00:11:42 username= 114403 app_id= 60147 agent_game= zlcs_60147_241 agent_id= 241
2017-04-18 00:20:47 username= qiang1414 app_id= 60181 agent_game= gmdl_60181_305 agent_id= 305
2017-04-18 00:29:50 username= 118922 app_id= 60168 agent_game= tmfyol_60168_305 agent_id= 305
2017-04-18 00:34:43 username= 13758729801 app_id= 60153 agent_game= szol_60153_269 agent_id= 269
2017-04-18 00:40:57 username= zxh1990913 app_id= 60181 agent_game= gmdl_60181_304 agent_id= 304
2017-04-18 01:26:18 username= 111063 app_id= 60153 agent_game= szol_60153_169 agent_id= 169
2017-04-18 01:43:30 username= 15000852342 app_id= 60168 agent_game= tmfyol_60168_269 agent_id= 269
2017-04-18 01:48:46 username= 1912478466 app_id= 60147 agent_game= zlcs_60147_168 agent_id= 168
2017-04-18 02:26:36 username= liu8513227 app_id= 60168 agent_game= tmfyol_60168_283 agent_id= 283
2017-04-18 03:29:56 username= 2427802508 app_id= 60168 agent_game= tmfyol_60168_168 agent_id= 168
2017-04-18 04:35:45 username= l7704321 app_id= 60153 agent_game= szol_60153_283 agent_id= 283
2017-04-18 06:02:45 username= 113158 app_id= 60153 agent_game= szol_60153_241 agent_id= 241
2017-04-18 07:14:22 username= 13101217365 app_id= 60153 agent_game= szol_60153_241 agent_id= 241
2017-04-18 07:20:55 username= 3116776001 app_id= 60153 agent_game= szol_60153_269 agent_id= 269
2017-04-18 08:00:05 username= 115056 app_id= 60153 agent_game= szol_60153_169 agent_id= 169
2017-04-18 08:47:22 username= 110885 app_id= 60174 agent_game= qyxxc_60174_304 agent_id= 304
2017-04-18 09:00:29 username= 18748916227 app_id= 60178 agent_game= yhqj_60178_283 agent_id= 283
2017-04-18 09:13:15 username= 115158 app_id= 60118 agent_game= jztl_60118_304 agent_id= 304
2017-04-18 09:28:21 username= 117245 app_id= 60147 agent_game= default agent_id= 0
2017-04-18 09:29:30 username= jkzhhhh app_id= 60137 agent_game= mhsw_60137_308 agent_id= 308
2017-04-18 09:31:03 username= 15320520416 app_id= 60153 agent_game= szol_60153_306 agent_id= 306
2017-04-18 09:37:51 username= xiaomi7 app_id= 60147 agent_game= default agent_id= 0
2017-04-18 09:38:32 username= 18231065168 app_id= 60147 agent_game= zlcs_60147_168 agent_id= 168
2017-04-18 09:41:10 username= 209070 app_id= 60178 agent_game= yhqj_60178_305 agent_id= 305
2017-04-18 09:54:23 username= xx2211 app_id= 60153 agent_game= szol_60153_241 agent_id= 241
2017-04-18 09:57:59 username= sy400000 app_id= 60190 agent_game= default agent_id= 0
2017-04-18 10:03:21 username= b522366 app_id= 60153 agent_game= szol_60153_304 agent_id= 304
2017-04-18 10:05:10 username= 114455 app_id= 60147 agent_game= zlcs_60147_352 agent_id= 352
2017-04-18 10:10:56 username= xiaomo3 app_id= 60147 agent_game= default agent_id= 0
2017-04-18 10:16:43 username= 18246604450 app_id= 60153 agent_game= szol_60153_269 agent_id= 269
2017-04-18 10:18:35 username= 115618 app_id= 60190 agent_game= default agent_id= 0
2017-04-18 10:19:37 username= tcsy012 app_id= 60190 agent_game= default agent_id= 0
2017-04-18 10:30:26 username= 119004 app_id= 60190 agent_game= default agent_id= 0
2017-04-18 10:32:01 username= 117583 app_id= 60153 agent_game= szol_60153_304 agent_id= 304
2017-04-18 10:41:27 username= 125789 app_id= 60147 agent_game= zlcs_60147_125 agent_id= 125
2017-04-18 10:47:16 username= laozi123f app_id= 60153 agent_game= szol_60153_304 agent_id= 304
2017-04-18 10:54:09 username= 112020 app_id= 60190 agent_game= default agent_id= 0
2017-04-18 11:13:44 username= sy4000001 app_id= 60197 agent_game= default agent_id= 0
2017-04-18 11:26:37 username= a106291 app_id= 60199 agent_game= default agent_id= 0
2017-04-18 11:34:18 username= 824857257 app_id= 60153 agent_game= szol_60153_168 agent_id= 168
2017-04-18 11:34:57 username= 116823 app_id= 60153 agent_game= szol_60153_307 agent_id= 307
2017-04-18 11:45:58 username= 117846 app_id= 60137 agent_game= mhsw_60137_305 agent_id= 305
2017-04-18 11:59:51 username= xx6612949 app_id= 60190 agent_game= default agent_id= 0
2017-04-18 11:59:54 username= 18957209628 app_id= 60137 agent_game= mhsw_60137_169 agent_id= 169
2017-04-18 12:02:25 username= 1696223323 app_id= 60153 agent_game= szol_60153_304 agent_id= 304
2017-04-18 12:23:24 username= 18523984477 app_id= 60147 agent_game= zlcs_60147_168 agent_id= 168
2017-04-18 12:27:29 username= 123334444 app_id= 60153 agent_game= szol_60153_168 agent_id= 168
2017-04-18 12:31:24 username= 1353994195 app_id= 60153 agent_game= szol_60153_169 agent_id= 169
2017-04-18 12:49:54 username= 10911156 app_id= 60118 agent_game= jztl_60118_304 agent_id= 304
2017-04-18 12:52:18 username= 875084942 app_id= 60153 agent_game= szol_60153_304 agent_id= 304
2017-04-18 12:56:35 username= dsq1615 app_id= 60137 agent_game= mhsw_60137_169 agent_id= 169
2017-04-18 13:03:46 username= z1995322 app_id= 60147 agent_game= zlcs_60147_168 agent_id= 168
2017-04-18 13:04:55 username= 823753045 app_id= 60153 agent_game= szol_60153_304 agent_id= 304
2017-04-18 13:13:16 username= woaini312375 app_id= 60137 agent_game= mhsw_60137_304 agent_id= 304
2017-04-18 13:14:51 username= 15261615362 app_id= 60153 agent_game= szol_60153_305 agent_id= 305
2017-04-18 13:30:19 username= 903421575 app_id= 60153 agent_game= szol_60153_169 agent_id= 169
2017-04-18 13:38:48 username= 13526202839 app_id= 60153 agent_game= szol_60153_307 agent_id= 307
2017-04-18 13:40:23 username= zfc645261060 app_id= 60153 agent_game= szol_60153_168 agent_id= 168
2017-04-18 13:44:03 username= xx1111 app_id= 60153 agent_game= szol_60153_283 agent_id= 283
2017-04-18 13:45:22 username= mmm111 app_id= 60190 agent_game= default agent_id= 0
2017-04-18 13:50:54 username= 111055 app_id= 60118 agent_game= jztl_60118_304 agent_id= 304
2017-04-18 13:56:19 username= 114049 app_id= 60147 agent_game= zlcs_60147_168 agent_id= 168
2017-04-18 14:01:36 username= wyh123 app_id= 60153 agent_game= szol_60153_283 agent_id= 283
2017-04-18 14:02:02 username= 64646594 app_id= 60153 agent_game= szol_60153_241 agent_id= 241
2017-04-18 14:02:14 username= mengmeng7410 app_id= 60153 agent_game= szol_60153_305 agent_id= 305
2017-04-18 14:02:20 username= 2233658a6se56 app_id= 60146 agent_game= default agent_id= 0
2017-04-18 14:02:53 username= qq123456123 app_id= 60153 agent_game= szol_60153_269 agent_id= 269
2017-04-18 14:02:58 username= a1131425601 app_id= 60153 agent_game= szol_60153_168 agent_id= 168
2017-04-18 14:03:38 username= 119504 app_id= 60168 agent_game= default agent_id= 0
2017-04-18 14:03:50 username= 0123123 app_id= 60153 agent_game= szol_60153_304 agent_id= 304
2017-04-18 14:04:36 username= 15181212015 app_id= 60153 agent_game= szol_60153_304 agent_id= 304
2017-04-18 14:05:42 username= luojie2189 app_id= 60153 agent_game= szol_60153_305 agent_id= 305
2017-04-18 14:05:53 username= qw2201880 app_id= 60153 agent_game= szol_60153_305 agent_id= 305
2017-04-18 14:06:13 username= baiyu390169127 app_id= 60153 agent_game= szol_60153_169 agent_id= 169
2017-04-18 14:07:52 username= fsdfdfff app_id= 60168 agent_game= default agent_id= 0
2017-04-18 14:12:54 username= 18736883375 app_id= 60153 agent_game= szol_60153_283 agent_id= 283
2017-04-18 14:14:42 username= 244452258 app_id= 60147 agent_game= default agent_id= 0
2017-04-18 14:14:43 username= iPhone app_id= 60153 agent_game= szol_60153_169 agent_id= 169
2017-04-18 14:16:01 username= baiyu39 app_id= 60153 agent_game= szol_60153_169 agent_id= 169
2017-04-18 14:17:55 username= wwq201314 app_id= 60153 agent_game= szol_60153_168 agent_id= 168
2017-04-18 14:19:30 username= ls1214 app_id= 60137 agent_game= mhsw_60137_304 agent_id= 304
2017-04-18 14:20:02 username= love123123 app_id= 60153 agent_game= szol_60153_168 agent_id= 168
2017-04-18 14:21:26 username= 111425 app_id= 60190 agent_game= default agent_id= 0
2017-04-18 14:22:01 username= 15086836578 app_id= 60153 agent_game= szol_60153_305 agent_id= 305
2017-04-18 14:22:08 username= 1614253548q app_id= 60153 agent_game= szol_60153_305 agent_id= 305
2017-04-18 14:22:29 username= 111363 app_id= 60118 agent_game= jztl_60118_169 agent_id= 169
2017-04-18 14:23:01 username= wl666666 app_id= 60153 agent_game= szol_60153_169 agent_id= 169
2017-04-18 14:24:09 username= 112887 app_id= 60153 agent_game= szol_60153_307 agent_id= 307
2017-04-18 14:26:14 username= peilei207 app_id= 60153 agent_game= szol_60153_305 agent_id= 305
2017-04-18 14:27:22 username= 42158794 app_id= 60153 agent_game= szol_60153_305 agent_id= 305
2017-04-18 14:28:45 username= l123456789 app_id= 60153 agent_game= szol_60153_305 agent_id= 305
2017-04-18 14:31:00 username= 471541908 app_id= 60147 agent_game= default agent_id= 0
2017-04-18 14:34:19 username= yhy001001 app_id= 60153 agent_game= szol_60153_169 agent_id= 169
2017-04-18 14:34:36 username= 15578130992 app_id= 60153 agent_game= szol_60153_304 agent_id= 304
2017-04-18 14:43:11 username= 15188517331 app_id= 60147 agent_game= default agent_id= 0
2017-04-18 14:44:17 username= qq45277196 app_id= 60153 agent_game= szol_60153_283 agent_id= 283
2017-04-18 14:46:23 username= a78151 app_id= 60153 agent_game= szol_60153_304 agent_id= 304
2017-04-18 14:52:36 username= 2339721916 app_id= 60153 agent_game= szol_60153_307 agent_id= 307
2017-04-18 14:54:47 username= 1277598124 app_id= 60153 agent_game= szol_60153_304 agent_id= 304
2017-04-18 14:55:22 username= 828282 app_id= 60153 agent_game= szol_60153_305 agent_id= 305
2017-04-18 14:56:02 username= zx13951958894 app_id= 60174 agent_game= qyxxc_60174_305 agent_id= 305
2017-04-18 14:58:15 username= 1578207758 app_id= 60153 agent_game= szol_60153_307 agent_id= 307
2017-04-18 15:03:13 username= 123456147 app_id= 60153 agent_game= szol_60153_169 agent_id= 169
2017-04-18 15:07:41 username= 1626829260 app_id= 60153 agent_game= szol_60153_241 agent_id= 241
2017-04-18 15:13:38 username= zzt1997 app_id= 60153 agent_game= szol_60153_283 agent_id= 283
2017-04-18 15:18:14 username= 9988988 app_id= 60153 agent_game= szol_60153_241 agent_id= 241
2017-04-18 15:22:31 username= qq3310 app_id= 60118 agent_game= jztl_60118_304 agent_id= 304
2017-04-18 15:24:36 username= 1041846219 app_id= 60174 agent_game= qyxxc_60174_304 agent_id= 304
2017-04-18 15:30:41 username= 17662742437 app_id= 60153 agent_game= szol_60153_169 agent_id= 169
2017-04-18 15:31:52 username= 12345azw app_id= 60153 agent_game= szol_60153_304 agent_id= 304
2017-04-18 15:35:13 username= 13532270879 app_id= 60153 agent_game= szol_60153_305 agent_id= 305
2017-04-18 15:42:51 username= 122168 app_id= 60185 agent_game= qmdmx_60185_225 agent_id= 225
2017-04-18 15:43:14 username= 117923 app_id= 60153 agent_game= szol_60153_305 agent_id= 305
2017-04-18 15:45:15 username= 116891 app_id= 60118 agent_game= jztl_60118_346 agent_id= 346
2017-04-18 15:45:29 username= aa1233 app_id= 60153 agent_game= szol_60153_269 agent_id= 269
2017-04-18 15:47:03 username= 704918660 app_id= 60153 agent_game= szol_60153_257 agent_id= 257
2017-04-18 15:52:42 username= 3146711393 app_id= 60153 agent_game= szol_60153_241 agent_id= 241
2017-04-18 15:55:06 username= 114954 app_id= 60153 agent_game= szol_60153_168 agent_id= 168
2017-04-18 16:00:19 username= lenghan001 app_id= 60153 agent_game= szol_60153_257 agent_id= 257
2017-04-18 16:14:30 username= 13113127153 app_id= 60168 agent_game= tmfyol_60168_169 agent_id= 169
2017-04-18 16:22:42 username= meng5956 app_id= 60153 agent_game= szol_60153_257 agent_id= 257
2017-04-18 16:25:11 username= ma5430986 app_id= 60153 agent_game= szol_60153_168 agent_id= 168
2017-04-18 16:35:29 username= l11614151485 app_id= 60196 agent_game= ssss_60196_283 agent_id= 283
2017-04-18 16:43:46 username= x3252880 app_id= 60174 agent_game= qyxxc_60174_283 agent_id= 283
2017-04-18 16:48:07 username= laonai5566 app_id= 60137 agent_game= mhsw_60137_304 agent_id= 304
2017-04-18 16:51:19 username= 18037735906 app_id= 60135 agent_game= hhzr_60135_249 agent_id= 249
2017-04-18 16:57:34 username= 116388 app_id= 60190 agent_game= default agent_id= 0
2017-04-18 17:23:07 username= C730630 app_id= 60147 agent_game= zlcs_60147_168 agent_id= 168
2017-04-18 17:26:02 username= 175146 app_id= 60153 agent_game= szol_60153_305 agent_id= 305
2017-04-18 17:26:08 username= duyfe123 app_id= 60118 agent_game= jztl_60118_304 agent_id= 304
