2017-04-09 13:11:11->分包id：1084，渠道id：343，游戏id：60028渠道标识：lxzj_60028_343，游戏链接：lxzj_60028/lxzj_60028_343.apk添加成功！
2017-04-09 14:50:40->分包id：1085，渠道id：330，游戏id：60178渠道标识：yhqj_60178_330，游戏链接：yhqj_60178/yhqj_60178_330.apk添加成功！
2017-04-09 14:50:57->分包id：1086，渠道id：330，游戏id：60175渠道标识：sdbgj_60175_330，游戏链接：sdbgj_60175/sdbgj_60175_330.apk添加成功！
2017-04-09 14:51:17->分包id：1087，渠道id：330，游戏id：60174渠道标识：qyxxc_60174_330，游戏链接：qyxxc_60174/qyxxc_60174_330.apk添加成功！
2017-04-09 14:51:47->分包id：1088，渠道id：330，游戏id：60168渠道标识：tmfyol_60168_330，游戏链接：tmfyol_60168/tmfyol_60168_330.apk添加成功！
2017-04-09 14:52:14->分包id：1089，渠道id：330，游戏id：60154渠道标识：bbxj_60154_330，游戏链接：bbxj_60154/bbxj_60154_330.apk添加成功！
2017-04-09 14:55:37->分包id：1090，渠道id：330，游戏id：60142渠道标识：zmq_60142_330，游戏链接：zmq_60142/zmq_60142_330.apk添加成功！
2017-04-09 15:35:09->分包id：808，渠道id：290，游戏id：60098渠道标识：txhd_60098_290，游戏链接：txhd_60098/txhd_60098_290.apk添加成功！
2017-04-09 20:05:07->分包id：1091，渠道id：169，游戏id：60178渠道标识：yhqj_60178_169，游戏链接：yhqj_60178/yhqj_60178_169.apk添加成功！
2017-04-09 20:05:49->分包id：1015，渠道id：168，游戏id：60178渠道标识：yhqj_60178_168，游戏链接：yhqj_60178/yhqj_60178_168.apk添加成功！
2017-04-09 20:06:53->分包id：1092，渠道id：301，游戏id：60178渠道标识：yhqj_60178_301，游戏链接：yhqj_60178/yhqj_60178_301.apk添加成功！
2017-04-09 20:07:55->分包id：1093，渠道id：257，游戏id：60178渠道标识：yhqj_60178_257，游戏链接：yhqj_60178/yhqj_60178_257.apk添加成功！
2017-04-09 20:08:44->分包id：1094，渠道id：269，游戏id：60178渠道标识：yhqj_60178_269，游戏链接：yhqj_60178/yhqj_60178_269.apk添加成功！
2017-04-09 20:09:45->分包id：1095，渠道id：241，游戏id：60178渠道标识：yhqj_60178_241，游戏链接：yhqj_60178/yhqj_60178_241.apk添加成功！
2017-04-09 20:10:39->分包id：1096，渠道id：225，游戏id：60178渠道标识：yhqj_60178_225，游戏链接：yhqj_60178/yhqj_60178_225.apk添加成功！
2017-04-09 20:14:34->分包id：1097，渠道id：283，游戏id：60178渠道标识：yhqj_60178_283，游戏链接：yhqj_60178/yhqj_60178_283.apk添加成功！
2017-04-09 20:31:39->分包id：1098，渠道id：304，游戏id：60178渠道标识：yhqj_60178_304，游戏链接：yhqj_60178/yhqj_60178_304.apk添加成功！
2017-04-09 20:32:25->分包id：1099，渠道id：305，游戏id：60178渠道标识：yhqj_60178_305，游戏链接：yhqj_60178/yhqj_60178_305.apk添加成功！
2017-04-09 20:32:49->分包id：1100，渠道id：306，游戏id：60178渠道标识：yhqj_60178_306，游戏链接：yhqj_60178/yhqj_60178_306.apk添加成功！
2017-04-09 20:33:14->分包id：1101，渠道id：307，游戏id：60178渠道标识：yhqj_60178_307，游戏链接：yhqj_60178/yhqj_60178_307.apk添加成功！
2017-04-09 20:51:02->分包id：1102，渠道id：330，游戏id：60027渠道标识：tlby_60027_330，游戏链接：tlby_60027/tlby_60027_330.apk添加成功！
2017-04-09 20:53:21->分包id：1103，渠道id：330，游戏id：60028渠道标识：lxzj_60028_330，游戏链接：lxzj_60028/lxzj_60028_330.apk添加成功！
2017-04-09 20:53:53->分包id：1104，渠道id：330，游戏id：60135渠道标识：hhzr_60135_330，游戏链接：hhzr_60135/hhzr_60135_330.apk添加成功！
2017-04-09 20:56:06->分包id：1106，渠道id：330，游戏id：60087渠道标识：zjzr_60087_330，游戏链接：zjzr_60087/zjzr_60087_330.apk添加成功！
2017-04-09 20:56:41->分包id：1107，渠道id：330，游戏id：60114渠道标识：szry_60114_330，游戏链接：szry_60114/szry_60114_330.apk添加成功！
2017-04-09 20:57:10->分包id：1108，渠道id：330，游戏id：60088渠道标识：sczz_60088_330，游戏链接：sczz_60088/sczz_60088_330.apk添加成功！
2017-04-09 20:57:44->分包id：1109，渠道id：330，游戏id：60116渠道标识：xmqt_60116_330，游戏链接：xmqt_60116/xmqt_60116_330.apk添加成功！
2017-04-09 20:58:30->分包id：1110，渠道id：330，游戏id：60089渠道标识：sczb_60089_330，游戏链接：sczb_60089/sczb_60089_330.apk添加成功！
2017-04-09 21:00:52->分包id：1111，渠道id：330，游戏id：60097渠道标识：cqwz_60097_330，游戏链接：cqwz_60097/cqwz_60097_330.apk添加成功！
2017-04-09 21:01:50->分包id：1112，渠道id：330，游戏id：60098渠道标识：txhd_60098_330，游戏链接：txhd_60098/txhd_60098_330.apk添加成功！
2017-04-09 21:02:54->分包id：1113，渠道id：330，游戏id：60099渠道标识：hc_60099_330，游戏链接：hc_60099/hc_60099_330.apk添加成功！
2017-04-09 21:03:40->分包id：1114，渠道id：330，游戏id：60115渠道标识：zt3d_60115_330，游戏链接：zt3d_60115/zt3d_60115_330.apk添加成功！
2017-04-09 21:04:16->分包id：1115，渠道id：330，游戏id：60102渠道标识：blhdx_60102_330，游戏链接：blhdx_60102/blhdx_60102_330.apk添加成功！
2017-04-09 21:05:40->分包id：1116，渠道id：330，游戏id：60118渠道标识：jztl_60118_330，游戏链接：jztl_60118/jztl_60118_330.apk添加成功！
2017-04-09 21:06:29->分包id：1117，渠道id：330，游戏id：60122渠道标识：xyl_60122_330，游戏链接：xyl_60122/xyl_60122_330.apk添加成功！
2017-04-09 21:07:24->分包id：1118，渠道id：330，游戏id：60123渠道标识：ggsg_60123_330，游戏链接：ggsg_60123/ggsg_60123_330.apk添加成功！
2017-04-09 21:08:07->分包id：1119，渠道id：330，游戏id：60124渠道标识：xxxk_60124_330，游戏链接：xxxk_60124/xxxk_60124_330.apk添加成功！
2017-04-09 21:08:44->分包id：1120，渠道id：330，游戏id：60125渠道标识：sbkfy_60125_330，游戏链接：sbkfy_60125/sbkfy_60125_330.apk添加成功！
2017-04-09 21:09:12->分包id：1121，渠道id：330，游戏id：60126渠道标识：tmyx_60126_330，游戏链接：tmyx_60126/tmyx_60126_330.apk添加成功！
2017-04-10 12:49:10->分包id：1122，渠道id：330，游戏id：60137渠道标识：mhsw_60137_330，游戏链接：mhsw_60137/mhsw_60137_330.apk添加成功！
2017-04-10 16:50:17->分包id：1123，渠道id：344，游戏id：60118渠道标识：jztl_60118_344，游戏链接：jztl_60118/jztl_60118_344.apk添加成功！
2017-04-10 16:50:40->分包id：1124，渠道id：344，游戏id：60132渠道标识：ws_60132_344，游戏链接：ws_60132/ws_60132_344.apk添加成功！
2017-04-10 16:51:17->分包id：1126，渠道id：344，游戏id：60143渠道标识：jzsbk_60143_344，游戏链接：jzsbk_60143/jzsbk_60143_344.apk添加成功！
2017-04-10 16:51:33->分包id：1127，渠道id：344，游戏id：60129渠道标识：jzcq_60129_344，游戏链接：jzcq_60129/jzcq_60129_344.apk添加成功！
2017-04-10 16:52:34->分包id：1128，渠道id：344，游戏id：60133渠道标识：qgjqol_60133_344，游戏链接：qgjqol_60133/qgjqol_60133_344.apk添加成功！
2017-04-10 16:52:54->分包id：1129，渠道id：344，游戏id：60157渠道标识：dgsg_60157_344，游戏链接：dgsg_60157/dgsg_60157_344.apk添加成功！
2017-04-10 16:53:11->分包id：1130，渠道id：344，游戏id：60124渠道标识：xxxk_60124_344，游戏链接：xxxk_60124/xxxk_60124_344.apk添加成功！
2017-04-10 16:53:28->分包id：1131，渠道id：344，游戏id：60153渠道标识：szol_60153_344，游戏链接：szol_60153/szol_60153_344.apk添加成功！
2017-04-10 16:53:56->分包id：1132，渠道id：344，游戏id：60145渠道标识：djkw_60145_344，游戏链接：djkw_60145/djkw_60145_344.apk添加成功！
2017-04-10 16:54:14->分包id：1133，渠道id：344，游戏id：60150渠道标识：mhjwz_60150_344，游戏链接：mhjwz_60150/mhjwz_60150_344.apk添加成功！
2017-04-10 16:54:42->分包id：1134，渠道id：344，游戏id：60147渠道标识：zlcs_60147_344，游戏链接：zlcs_60147/zlcs_60147_344.apk添加成功！
2017-04-10 16:55:09->分包id：1135，渠道id：344，游戏id：60137渠道标识：mhsw_60137_344，游戏链接：mhsw_60137/mhsw_60137_344.apk添加成功！
2017-04-10 16:55:27->分包id：1136，渠道id：344，游戏id：60139渠道标识：xljs_60139_344，游戏链接：xljs_60139/xljs_60139_344.apk添加成功！
2017-04-10 16:55:59->分包id：1138，渠道id：344，游戏id：60123渠道标识：ggsg_60123_344，游戏链接：ggsg_60123/ggsg_60123_344.apk添加成功！
2017-04-10 16:56:21->分包id：1139，渠道id：344，游戏id：60136渠道标识：ssol_60136_344，游戏链接：ssol_60136/ssol_60136_344.apk添加成功！
2017-04-10 16:56:37->分包id：1140，渠道id：344，游戏id：60138渠道标识：xzn_60138_344，游戏链接：xzn_60138/xzn_60138_344.apk添加成功！
2017-04-10 16:56:55->分包id：1141，渠道id：344，游戏id：60155渠道标识：kdyggba_60155_344，游戏链接：kdyggba_60155/kdyggba_60155_344.apk添加成功！
2017-04-10 16:57:09->分包id：1142，渠道id：344，游戏id：60126渠道标识：tmyx_60126_344，游戏链接：tmyx_60126/tmyx_60126_344.apk添加成功！
2017-04-10 17:05:21->分包id：1143，渠道id：330，游戏id：60131渠道标识：fhxzh_60131_330，游戏链接：fhxzh_60131/fhxzh_60131_330.apk添加成功！
2017-04-10 17:06:00->分包id：1144，渠道id：330，游戏id：60132渠道标识：ws_60132_330，游戏链接：ws_60132/ws_60132_330.apk添加成功！
2017-04-10 17:07:12->分包id：1145，渠道id：330，游戏id：60134渠道标识：dtws_60134_330，游戏链接：dtws_60134/dtws_60134_330.apk添加成功！
2017-04-10 17:08:25->分包id：1146，渠道id：330，游戏id：60136渠道标识：ssol_60136_330，游戏链接：ssol_60136/ssol_60136_330.apk添加成功！
2017-04-10 17:09:05->分包id：1147，渠道id：330，游戏id：60143渠道标识：jzsbk_60143_330，游戏链接：jzsbk_60143/jzsbk_60143_330.apk添加成功！
2017-04-10 17:09:39->分包id：1122，渠道id：330，游戏id：60137渠道标识：mhsw_60137_330，游戏链接：mhsw_60137/mhsw_60137_330.apk添加成功！
2017-04-10 17:10:26->分包id：1122，渠道id：330，游戏id：60137渠道标识：mhsw_60137_330，游戏链接：mhsw_60137/mhsw_60137_330.apk添加成功！
2017-04-10 17:11:09->分包id：1122，渠道id：330，游戏id：60137渠道标识：mhsw_60137_330，游戏链接：mhsw_60137/mhsw_60137_330.apk添加成功！
2017-04-10 17:13:00->分包id：1148，渠道id：330，游戏id：60138渠道标识：xzn_60138_330，游戏链接：xzn_60138/xzn_60138_330.apk添加成功！
2017-04-10 17:15:43->分包id：1149，渠道id：330，游戏id：60139渠道标识：xljs_60139_330，游戏链接：xljs_60139/xljs_60139_330.apk添加成功！
2017-04-10 17:16:49->分包id：1150，渠道id：330，游戏id：60141渠道标识：yys_60141_330，游戏链接：yys_60141/yys_60141_330.apk添加成功！
2017-04-10 17:17:22->分包id：1090，渠道id：330，游戏id：60142渠道标识：zmq_60142_330，游戏链接：zmq_60142/zmq_60142_330.apk添加成功！
2017-04-10 17:18:31->分包id：1151，渠道id：330，游戏id：60144渠道标识：jxfy_60144_330，游戏链接：jxfy_60144/jxfy_60144_330.apk添加成功！
2017-04-10 17:19:06->分包id：1152，渠道id：330，游戏id：60145渠道标识：djkw_60145_330，游戏链接：djkw_60145/djkw_60145_330.apk添加成功！
2017-04-10 17:20:00->分包id：1153，渠道id：330，游戏id：60146渠道标识：mxkl_60146_330，游戏链接：mxkl_60146/mxkl_60146_330.apk添加成功！
2017-04-10 17:20:30->分包id：1154，渠道id：330，游戏id：60147渠道标识：zlcs_60147_330，游戏链接：zlcs_60147/zlcs_60147_330.apk添加成功！
2017-04-10 17:21:02->分包id：1155，渠道id：330，游戏id：60148渠道标识：xzqszl_60148_330，游戏链接：xzqszl_60148/xzqszl_60148_330.apk添加成功！
2017-04-10 17:21:34->分包id：1156，渠道id：330，游戏id：60149渠道标识：snfs_60149_330，游戏链接：snfs_60149/snfs_60149_330.apk添加成功！
2017-04-10 17:22:06->分包id：1157，渠道id：330，游戏id：60150渠道标识：mhjwz_60150_330，游戏链接：mhjwz_60150/mhjwz_60150_330.apk添加成功！
2017-04-10 17:22:34->分包id：1158，渠道id：330，游戏id：60153渠道标识：szol_60153_330，游戏链接：szol_60153/szol_60153_330.apk添加成功！
2017-04-10 17:23:05->分包id：1159，渠道id：330，游戏id：60152渠道标识：xbkp_60152_330，游戏链接：xbkp_60152/xbkp_60152_330.apk添加成功！
2017-04-10 17:23:31->分包id：1160，渠道id：330，游戏id：60155渠道标识：kdyggba_60155_330，游戏链接：kdyggba_60155/kdyggba_60155_330.apk添加成功！
2017-04-10 17:24:10->分包id：1161，渠道id：330，游戏id：60157渠道标识：dgsg_60157_330，游戏链接：dgsg_60157/dgsg_60157_330.apk添加成功！
2017-04-10 17:25:26->分包id：1162，渠道id：330，游戏id：60158渠道标识：bzgl_60158_330，游戏链接：bzgl_60158/bzgl_60158_330.apk添加成功！
2017-04-10 17:25:58->分包id：1163，渠道id：330，游戏id：60165渠道标识：jxws_60165_330，游戏链接：jxws_60165/jxws_60165_330.apk添加成功！
2017-04-10 17:26:25->分包id：1088，渠道id：330，游戏id：60168渠道标识：tmfyol_60168_330，游戏链接：tmfyol_60168/tmfyol_60168_330.apk添加成功！
2017-04-10 17:27:14->分包id：1164，渠道id：330，游戏id：60172渠道标识：ht_60172_330，游戏链接：ht_60172/ht_60172_330.apk添加成功！
2017-04-10 17:27:57->分包id：1165，渠道id：330，游戏id：60170渠道标识：eva_60170_330，游戏链接：eva_60170/eva_60170_330.apk添加成功！
2017-04-10 17:28:30->分包id：1166，渠道id：330，游戏id：60171渠道标识：xyfx_60171_330，游戏链接：xyfx_60171/xyfx_60171_330.apk添加成功！
2017-04-10 17:29:20->分包id：1152，渠道id：330，游戏id：60145渠道标识：djkw_60145_330，游戏链接：djkw_60145/djkw_60145_330.apk添加成功！
2017-04-10 19:14:45->分包id：1122，渠道id：330，游戏id：60137渠道标识：mhsw_60137_330，游戏链接：mhsw_60137/mhsw_60137_330.apk添加成功！
2017-04-10 22:44:05->分包id：340，渠道id：241，游戏id：60137渠道标识：mhsw_60137_241，游戏链接：mhsw_60137/mhsw_60137_241.apk添加成功！
2017-04-11 09:54:50->分包id：1167，渠道id：271，游戏id：60194渠道标识：frxxc_60194_271，游戏链接：frxxc_60194/frxxc_60194_271.apk添加成功！
2017-04-11 10:00:19->分包id：1168，渠道id：345，游戏id：60194渠道标识：frxxc_60194_345，游戏链接：frxxc_60194/frxxc_60194_345.apk添加成功！
2017-04-11 10:46:55->分包id：1169，渠道id：289，游戏id：60194渠道标识：frxxc_60194_289，游戏链接：frxxc_60194/frxxc_60194_289.apk添加成功！
2017-04-11 10:47:39->分包id：1170，渠道id：290，游戏id：60194渠道标识：frxxc_60194_290，游戏链接：frxxc_60194/frxxc_60194_290.apk添加成功！
2017-04-11 10:47:59->分包id：1171，渠道id：292，游戏id：60194渠道标识：frxxc_60194_292，游戏链接：frxxc_60194/frxxc_60194_292.apk添加成功！
2017-04-11 11:40:46->分包id：1172，渠道id：168，游戏id：60194渠道标识：frxxc_60194_168，游戏链接：frxxc_60194/frxxc_60194_168.apk添加成功！
2017-04-11 15:40:01->分包id：1169，渠道id：289，游戏id：60194渠道标识：frxxc_60194_289，游戏链接：frxxc_60194/frxxc_60194_289.apk添加成功！
2017-04-11 15:50:26->分包id：1169，渠道id：289，游戏id：60194渠道标识：frxxc_60194_289，游戏链接：frxxc_60194/frxxc_60194_289.apk添加成功！
2017-04-11 15:52:01->分包id：1171，渠道id：292，游戏id：60194渠道标识：frxxc_60194_292，游戏链接：frxxc_60194/frxxc_60194_292.apk添加成功！
2017-04-12 14:05:45->分包id：994，渠道id：292，游戏id：60028渠道标识：lxzj_60028_292，游戏链接：lxzj_60028/lxzj_60028_292.apk添加成功！
2017-04-12 14:46:40->分包id：1173，渠道id：308，游戏id：60118渠道标识：jztl_60118_308，游戏链接：jztl_60118/jztl_60118_308.apk添加成功！
2017-04-12 14:48:19->分包id：1174，渠道id：346，游戏id：60118渠道标识：jztl_60118_346，游戏链接：jztl_60118/jztl_60118_346.apk添加成功！
2017-04-12 14:57:18->分包id：1116，渠道id：330，游戏id：60118渠道标识：jztl_60118_330，游戏链接：jztl_60118/jztl_60118_330.apk添加成功！
2017-04-12 15:30:44->分包id：1175，渠道id：304，游戏id：60174渠道标识：qyxxc_60174_304，游戏链接：qyxxc_60174/qyxxc_60174_304.apk添加成功！
2017-04-12 15:31:06->分包id：1176，渠道id：305，游戏id：60174渠道标识：qyxxc_60174_305，游戏链接：qyxxc_60174/qyxxc_60174_305.apk添加成功！
2017-04-12 15:31:30->分包id：1177，渠道id：306，游戏id：60174渠道标识：qyxxc_60174_306，游戏链接：qyxxc_60174/qyxxc_60174_306.apk添加成功！
2017-04-12 15:39:00->分包id：1178，渠道id：307，游戏id：60174渠道标识：qyxxc_60174_307，游戏链接：qyxxc_60174/qyxxc_60174_307.apk添加成功！
2017-04-12 19:32:19->分包id：1179，渠道id：290，游戏id：60178渠道标识：yhqj_60178_290，游戏链接：yhqj_60178/yhqj_60178_290.apk添加成功！
2017-04-12 20:51:08->分包id：986，渠道id：225，游戏id：60174渠道标识：qyxxc_60174_225，游戏链接：qyxxc_60174/qyxxc_60174_225.apk添加成功！
2017-04-13 15:34:01->分包id：1180，渠道id：169，游戏id：60185渠道标识：qmdmx_60185_169，游戏链接：qmdmx_60185/qmdmx_60185_169.apk添加成功！
2017-04-13 15:34:53->分包id：1181，渠道id：168，游戏id：60185渠道标识：qmdmx_60185_168，游戏链接：qmdmx_60185/qmdmx_60185_168.apk添加成功！
2017-04-13 15:35:31->分包id：1182，渠道id：269，游戏id：60185渠道标识：qmdmx_60185_269，游戏链接：qmdmx_60185/qmdmx_60185_269.apk添加成功！
2017-04-13 15:36:05->分包id：1183，渠道id：257，游戏id：60185渠道标识：qmdmx_60185_257，游戏链接：qmdmx_60185/qmdmx_60185_257.apk添加成功！
2017-04-13 15:36:52->分包id：1184，渠道id：241，游戏id：60185渠道标识：qmdmx_60185_241，游戏链接：qmdmx_60185/qmdmx_60185_241.apk添加成功！
2017-04-13 15:37:15->分包id：809，渠道id：291，游戏id：60098渠道标识：txhd_60098_291，游戏链接：txhd_60098/txhd_60098_291.apk添加成功！
2017-04-13 15:39:32->分包id：1185，渠道id：289，游戏id：60185渠道标识：qmdmx_60185_289，游戏链接：qmdmx_60185/qmdmx_60185_289.apk添加成功！
2017-04-13 15:39:59->分包id：1186，渠道id：225，游戏id：60185渠道标识：qmdmx_60185_225，游戏链接：qmdmx_60185/qmdmx_60185_225.apk添加成功！
2017-04-13 15:40:56->分包id：1187，渠道id：344，游戏id：60185渠道标识：qmdmx_60185_344，游戏链接：qmdmx_60185/qmdmx_60185_344.apk添加成功！
2017-04-13 15:42:32->分包id：1188，渠道id：330，游戏id：60185渠道标识：qmdmx_60185_330，游戏链接：qmdmx_60185/qmdmx_60185_330.apk添加成功！
2017-04-13 15:47:17->分包id：1189，渠道id：169，游戏id：60186渠道标识：wwyxhqc_60186_169，游戏链接：wwyxhqc_60186/wwyxhqc_60186_169.apk添加成功！
2017-04-13 15:47:48->分包id：1190，渠道id：168，游戏id：60186渠道标识：wwyxhqc_60186_168，游戏链接：wwyxhqc_60186/wwyxhqc_60186_168.apk添加成功！
2017-04-13 15:48:21->分包id：1191，渠道id：269，游戏id：60186渠道标识：wwyxhqc_60186_269，游戏链接：wwyxhqc_60186/wwyxhqc_60186_269.apk添加成功！
2017-04-13 15:48:56->分包id：1192，渠道id：257，游戏id：60186渠道标识：wwyxhqc_60186_257，游戏链接：wwyxhqc_60186/wwyxhqc_60186_257.apk添加成功！
2017-04-13 15:49:37->分包id：1193，渠道id：241，游戏id：60186渠道标识：wwyxhqc_60186_241，游戏链接：wwyxhqc_60186/wwyxhqc_60186_241.apk添加成功！
2017-04-13 15:50:02->分包id：1194，渠道id：289，游戏id：60186渠道标识：wwyxhqc_60186_289，游戏链接：wwyxhqc_60186/wwyxhqc_60186_289.apk添加成功！
2017-04-13 15:50:29->分包id：1195，渠道id：225，游戏id：60186渠道标识：wwyxhqc_60186_225，游戏链接：wwyxhqc_60186/wwyxhqc_60186_225.apk添加成功！
2017-04-13 15:51:14->分包id：1196，渠道id：344，游戏id：60186渠道标识：wwyxhqc_60186_344，游戏链接：wwyxhqc_60186/wwyxhqc_60186_344.apk添加成功！
2017-04-13 15:51:29->分包id：1197，渠道id：330，游戏id：60186渠道标识：wwyxhqc_60186_330，游戏链接：wwyxhqc_60186/wwyxhqc_60186_330.apk添加成功！
2017-04-13 15:53:11->分包id：1198，渠道id：169，游戏id：60189渠道标识：l_g_60189_169，游戏链接：l_g_60189/l_g_60189_169.apk添加成功！
2017-04-13 15:53:39->分包id：1199，渠道id：168，游戏id：60189渠道标识：l_g_60189_168，游戏链接：l_g_60189/l_g_60189_168.apk添加成功！
2017-04-13 15:53:59->分包id：1200，渠道id：269，游戏id：60189渠道标识：l_g_60189_269，游戏链接：l_g_60189/l_g_60189_269.apk添加成功！
2017-04-13 15:54:31->分包id：1201，渠道id：257，游戏id：60189渠道标识：l_g_60189_257，游戏链接：l_g_60189/l_g_60189_257.apk添加成功！
2017-04-13 15:54:56->分包id：1202，渠道id：241，游戏id：60189渠道标识：l_g_60189_241，游戏链接：l_g_60189/l_g_60189_241.apk添加成功！
2017-04-13 15:55:18->分包id：1203，渠道id：289，游戏id：60189渠道标识：l_g_60189_289，游戏链接：l_g_60189/l_g_60189_289.apk添加成功！
2017-04-13 15:55:43->分包id：1204，渠道id：225，游戏id：60189渠道标识：l_g_60189_225，游戏链接：l_g_60189/l_g_60189_225.apk添加成功！
2017-04-13 15:56:19->分包id：1205，渠道id：344，游戏id：60189渠道标识：l_g_60189_344，游戏链接：l_g_60189/l_g_60189_344.apk添加成功！
2017-04-13 15:56:36->分包id：1206，渠道id：330，游戏id：60189渠道标识：l_g_60189_330，游戏链接：l_g_60189/l_g_60189_330.apk添加成功！
2017-04-13 15:57:38->分包id：1207，渠道id：169，游戏id：60184渠道标识：slzz_60184_169，游戏链接：slzz_60184/slzz_60184_169.apk添加成功！
2017-04-13 15:58:02->分包id：1208，渠道id：168，游戏id：60184渠道标识：slzz_60184_168，游戏链接：slzz_60184/slzz_60184_168.apk添加成功！
2017-04-13 15:58:24->分包id：1209，渠道id：269，游戏id：60184渠道标识：slzz_60184_269，游戏链接：slzz_60184/slzz_60184_269.apk添加成功！
2017-04-13 15:58:51->分包id：1210，渠道id：257，游戏id：60184渠道标识：slzz_60184_257，游戏链接：slzz_60184/slzz_60184_257.apk添加成功！
2017-04-13 15:59:14->分包id：1211，渠道id：241，游戏id：60184渠道标识：slzz_60184_241，游戏链接：slzz_60184/slzz_60184_241.apk添加成功！
2017-04-13 16:01:09->分包id：1212，渠道id：289，游戏id：60184渠道标识：slzz_60184_289，游戏链接：slzz_60184/slzz_60184_289.apk添加成功！
2017-04-13 16:01:57->分包id：1213，渠道id：225，游戏id：60184渠道标识：slzz_60184_225，游戏链接：slzz_60184/slzz_60184_225.apk添加成功！
2017-04-13 16:02:37->分包id：1214，渠道id：344，游戏id：60184渠道标识：slzz_60184_344，游戏链接：slzz_60184/slzz_60184_344.apk添加成功！
2017-04-13 16:02:45->分包id：1215，渠道id：330，游戏id：60184渠道标识：slzz_60184_330，游戏链接：slzz_60184/slzz_60184_330.apk添加成功！
2017-04-13 18:01:19->分包id：1216，渠道id：346，游戏id：60168渠道标识：tmfyol_60168_346，游戏链接：tmfyol_60168/tmfyol_60168_346.apk添加成功！
2017-04-13 19:27:13->分包id：1217，渠道id：310，游戏id：60186渠道标识：wwyxhqc_60186_310，游戏链接：wwyxhqc_60186/wwyxhqc_60186_310.apk添加成功！
2017-04-13 19:27:27->分包id：1218，渠道id：310，游戏id：60185渠道标识：qmdmx_60185_310，游戏链接：qmdmx_60185/qmdmx_60185_310.apk添加成功！
2017-04-13 19:27:49->分包id：1219，渠道id：310，游戏id：60189渠道标识：l_g_60189_310，游戏链接：l_g_60189/l_g_60189_310.apk添加成功！
2017-04-13 19:28:07->分包id：1220，渠道id：310，游戏id：60184渠道标识：slzz_60184_310，游戏链接：slzz_60184/slzz_60184_310.apk添加成功！
2017-04-14 09:52:02->分包id：1221，渠道id：256，游戏id：60169渠道标识：ssth_____60169_256，游戏链接：ssth_____60169/ssth_____60169_256.apk添加成功！
2017-04-14 10:15:36->分包id：1222，渠道id：169，游戏id：60169渠道标识：ssth_____60169_169，游戏链接：ssth_____60169/ssth_____60169_169.apk添加成功！
2017-04-14 11:57:21->分包id：1223，渠道id：169，游戏id：60193渠道标识：ssss_____60193_169，游戏链接：ssss_____60193/ssss_____60193_169.apk添加成功！
2017-04-14 11:59:02->分包id：1224，渠道id：168，游戏id：60193渠道标识：ssss_____60193_168，游戏链接：ssss_____60193/ssss_____60193_168.apk添加成功！
2017-04-14 11:59:36->分包id：1225，渠道id：269，游戏id：60193渠道标识：ssss_____60193_269，游戏链接：ssss_____60193/ssss_____60193_269.apk添加成功！
2017-04-14 12:00:01->分包id：1226，渠道id：257，游戏id：60193渠道标识：ssss_____60193_257，游戏链接：ssss_____60193/ssss_____60193_257.apk添加成功！
2017-04-14 12:00:34->分包id：1227，渠道id：241，游戏id：60193渠道标识：ssss_____60193_241，游戏链接：ssss_____60193/ssss_____60193_241.apk添加成功！
2017-04-14 12:00:56->分包id：1228，渠道id：289，游戏id：60193渠道标识：ssss_____60193_289，游戏链接：ssss_____60193/ssss_____60193_289.apk添加成功！
2017-04-14 12:01:59->分包id：1229，渠道id：344，游戏id：60193渠道标识：ssss_____60193_344，游戏链接：ssss_____60193/ssss_____60193_344.apk添加成功！
2017-04-14 12:02:13->分包id：1230，渠道id：310，游戏id：60193渠道标识：ssss_____60193_310，游戏链接：ssss_____60193/ssss_____60193_310.apk添加成功！
2017-04-14 12:02:31->分包id：1231，渠道id：330，游戏id：60193渠道标识：ssss_____60193_330，游戏链接：ssss_____60193/ssss_____60193_330.apk添加成功！
2017-04-14 12:10:04->分包id：1232，渠道id：256，游戏id：60193渠道标识：ssss_____60193_256，游戏链接：ssss_____60193/ssss_____60193_256.apk添加成功！
2017-04-14 17:20:05->分包id：1233，渠道id：292，游戏id：60137渠道标识：mhsw_60137_292，游戏链接：mhsw_60137/mhsw_60137_292.apk添加成功！
2017-04-15 12:00:47->分包id：1234，渠道id：289，游戏id：60192渠道标识：mljx_60192_289，游戏链接：mljx_60192/mljx_60192_289.apk添加成功！
2017-04-15 12:06:57->分包id：1236，渠道id：292，游戏id：60192渠道标识：mljx_60192_292，游戏链接：mljx_60192/mljx_60192_292.apk添加成功！
2017-04-15 12:07:10->分包id：1237，渠道id：292，游戏id：60189渠道标识：l_g_60189_292，游戏链接：l_g_60189/l_g_60189_292.apk添加成功！
2017-04-15 12:07:29->分包id：1238，渠道id：292，游戏id：60186渠道标识：wwyxhqc_60186_292，游戏链接：wwyxhqc_60186/wwyxhqc_60186_292.apk添加成功！
2017-04-15 12:07:48->分包id：1239，渠道id：292，游戏id：60185渠道标识：qmdmx_60185_292，游戏链接：qmdmx_60185/qmdmx_60185_292.apk添加成功！
2017-04-15 12:09:13->分包id：1240，渠道id：290，游戏id：60192渠道标识：mljx_60192_290，游戏链接：mljx_60192/mljx_60192_290.apk添加成功！
2017-04-15 12:10:29->分包id：1241，渠道id：291，游戏id：60192渠道标识：mljx_60192_291，游戏链接：mljx_60192/mljx_60192_291.apk添加成功！
2017-04-15 12:10:51->分包id：1242，渠道id：293，游戏id：60192渠道标识：mljx_60192_293，游戏链接：mljx_60192/mljx_60192_293.apk添加成功！
2017-04-15 12:11:05->分包id：1243，渠道id：310，游戏id：60192渠道标识：mljx_60192_310，游戏链接：mljx_60192/mljx_60192_310.apk添加成功！
2017-04-15 12:37:12->分包id：1244，渠道id：291，游戏id：60185渠道标识：qmdmx_60185_291，游戏链接：qmdmx_60185/qmdmx_60185_291.apk添加成功！
2017-04-15 15:23:54->分包id：344，渠道id：168，游戏id：60142渠道标识：zmq_60142_168，游戏链接：zmq_60142/zmq_60142_168.apk添加成功！
2017-04-16 10:16:39->分包id：1245，渠道id：168，游戏id：60179渠道标识：mhzt_60179_168，游戏链接：mhzt_60179/mhzt_60179_168.apk添加成功！
2017-04-16 14:57:47->分包id：1246，渠道id：293，游戏id：60016渠道标识：zxj_60016_293，游戏链接：zxj_60016/zxj_60016_293.apk添加成功！
2017-04-16 14:58:50->分包id：614，渠道id：293，游戏id：60138渠道标识：xzn_60138_293，游戏链接：xzn_60138/xzn_60138_293.apk添加成功！
2017-04-16 14:59:32->分包id：614，渠道id：293，游戏id：60138渠道标识：xzn_60138_293，游戏链接：xzn_60138/xzn_60138_293.apk添加成功！
2017-04-16 15:32:17->分包id：1247，渠道id：346，游戏id：60142渠道标识：zmq_60142_346，游戏链接：zmq_60142/zmq_60142_346.apk添加成功！
2017-04-16 15:43:09->分包id：1248，渠道id：346，游戏id：60186渠道标识：wwyxhqc_60186_346，游戏链接：wwyxhqc_60186/wwyxhqc_60186_346.apk添加成功！
2017-04-16 15:43:54->分包id：1249，渠道id：346，游戏id：60185渠道标识：qmdmx_60185_346，游戏链接：qmdmx_60185/qmdmx_60185_346.apk添加成功！
2017-04-16 15:44:26->分包id：1250，渠道id：346，游戏id：60189渠道标识：l_g_60189_346，游戏链接：l_g_60189/l_g_60189_346.apk添加成功！
2017-04-16 15:45:04->分包id：1251，渠道id：346，游戏id：60184渠道标识：slzz_60184_346，游戏链接：slzz_60184/slzz_60184_346.apk添加成功！
2017-04-16 15:46:50->分包id：1252，渠道id：346，游戏id：60154渠道标识：bbxj_60154_346，游戏链接：bbxj_60154/bbxj_60154_346.apk添加成功！
2017-04-16 15:47:22->分包id：1216，渠道id：346，游戏id：60168渠道标识：tmfyol_60168_346，游戏链接：tmfyol_60168/tmfyol_60168_346.apk添加成功！
2017-04-16 15:47:42->分包id：1253，渠道id：346，游戏id：60174渠道标识：qyxxc_60174_346，游戏链接：qyxxc_60174/qyxxc_60174_346.apk添加成功！
2017-04-16 15:47:57->分包id：1254，渠道id：346，游戏id：60175渠道标识：sdbgj_60175_346，游戏链接：sdbgj_60175/sdbgj_60175_346.apk添加成功！
2017-04-16 15:48:15->分包id：1255，渠道id：346，游戏id：60178渠道标识：yhqj_60178_346，游戏链接：yhqj_60178/yhqj_60178_346.apk添加成功！
2017-04-16 15:48:51->分包id：1256，渠道id：346，游戏id：60027渠道标识：tlby_60027_346，游戏链接：tlby_60027/tlby_60027_346.apk添加成功！
2017-04-16 15:49:06->分包id：1257，渠道id：346，游戏id：60028渠道标识：lxzj_60028_346，游戏链接：lxzj_60028/lxzj_60028_346.apk添加成功！
2017-04-16 15:49:44->分包id：1258，渠道id：346，游戏id：60135渠道标识：hhzr_60135_346，游戏链接：hhzr_60135/hhzr_60135_346.apk添加成功！
2017-04-16 15:49:57->分包id：1259，渠道id：346，游戏id：60087渠道标识：zjzr_60087_346，游戏链接：zjzr_60087/zjzr_60087_346.apk添加成功！
2017-04-16 15:50:09->分包id：1179，渠道id：290，游戏id：60178渠道标识：yhqj_60178_290，游戏链接：yhqj_60178/yhqj_60178_290.apk添加成功！
2017-04-16 15:51:28->分包id：1260，渠道id：346，游戏id：60114渠道标识：szry_60114_346，游戏链接：szry_60114/szry_60114_346.apk添加成功！
2017-04-16 15:51:50->分包id：1261，渠道id：346，游戏id：60088渠道标识：sczz_60088_346，游戏链接：sczz_60088/sczz_60088_346.apk添加成功！
2017-04-16 15:52:04->分包id：1262，渠道id：346，游戏id：60116渠道标识：xmqt_60116_346，游戏链接：xmqt_60116/xmqt_60116_346.apk添加成功！
2017-04-16 15:52:18->分包id：1263，渠道id：346，游戏id：60089渠道标识：sczb_60089_346，游戏链接：sczb_60089/sczb_60089_346.apk添加成功！
2017-04-16 15:52:59->分包id：1264，渠道id：346，游戏id：60097渠道标识：cqwz_60097_346，游戏链接：cqwz_60097/cqwz_60097_346.apk添加成功！
2017-04-16 15:53:15->分包id：1265，渠道id：346，游戏id：60098渠道标识：txhd_60098_346，游戏链接：txhd_60098/txhd_60098_346.apk添加成功！
2017-04-16 15:53:41->分包id：1266，渠道id：346，游戏id：60099渠道标识：hc_60099_346，游戏链接：hc_60099/hc_60099_346.apk添加成功！
2017-04-16 15:54:10->分包id：1267，渠道id：346，游戏id：60115渠道标识：zt3d_60115_346，游戏链接：zt3d_60115/zt3d_60115_346.apk添加成功！
2017-04-16 15:54:39->分包id：1268，渠道id：346，游戏id：60102渠道标识：blhdx_60102_346，游戏链接：blhdx_60102/blhdx_60102_346.apk添加成功！
2017-04-16 15:54:56->分包id：1174，渠道id：346，游戏id：60118渠道标识：jztl_60118_346，游戏链接：jztl_60118/jztl_60118_346.apk添加成功！
2017-04-16 15:55:21->分包id：1269，渠道id：346，游戏id：60122渠道标识：xyl_60122_346，游戏链接：xyl_60122/xyl_60122_346.apk添加成功！
2017-04-16 15:55:54->分包id：1270，渠道id：346，游戏id：60123渠道标识：ggsg_60123_346，游戏链接：ggsg_60123/ggsg_60123_346.apk添加成功！
2017-04-16 15:56:10->分包id：1271，渠道id：346，游戏id：60124渠道标识：xxxk_60124_346，游戏链接：xxxk_60124/xxxk_60124_346.apk添加成功！
2017-04-16 15:56:37->分包id：1272，渠道id：346，游戏id：60125渠道标识：sbkfy_60125_346，游戏链接：sbkfy_60125/sbkfy_60125_346.apk添加成功！
2017-04-16 15:56:51->分包id：1273，渠道id：346，游戏id：60126渠道标识：tmyx_60126_346，游戏链接：tmyx_60126/tmyx_60126_346.apk添加成功！
2017-04-16 15:57:23->分包id：1274，渠道id：346，游戏id：60131渠道标识：fhxzh_60131_346，游戏链接：fhxzh_60131/fhxzh_60131_346.apk添加成功！
2017-04-16 15:57:51->分包id：1275，渠道id：346，游戏id：60132渠道标识：ws_60132_346，游戏链接：ws_60132/ws_60132_346.apk添加成功！
2017-04-16 15:58:52->分包id：1276，渠道id：346，游戏id：60134渠道标识：dtws_60134_346，游戏链接：dtws_60134/dtws_60134_346.apk添加成功！
2017-04-16 15:59:11->分包id：1277，渠道id：346，游戏id：60136渠道标识：ssol_60136_346，游戏链接：ssol_60136/ssol_60136_346.apk添加成功！
2017-04-16 15:59:34->分包id：1278，渠道id：346，游戏id：60143渠道标识：jzsbk_60143_346，游戏链接：jzsbk_60143/jzsbk_60143_346.apk添加成功！
2017-04-16 15:59:59->分包id：1279，渠道id：346，游戏id：60137渠道标识：mhsw_60137_346，游戏链接：mhsw_60137/mhsw_60137_346.apk添加成功！
2017-04-16 16:00:11->分包id：1280，渠道id：346，游戏id：60138渠道标识：xzn_60138_346，游戏链接：xzn_60138/xzn_60138_346.apk添加成功！
2017-04-16 16:00:24->分包id：1281，渠道id：346，游戏id：60139渠道标识：xljs_60139_346，游戏链接：xljs_60139/xljs_60139_346.apk添加成功！
2017-04-16 16:01:12->分包id：1282，渠道id：346，游戏id：60141渠道标识：yys_60141_346，游戏链接：yys_60141/yys_60141_346.apk添加成功！
2017-04-16 16:01:37->分包id：1283，渠道id：346，游戏id：60145渠道标识：djkw_60145_346，游戏链接：djkw_60145/djkw_60145_346.apk添加成功！
2017-04-16 16:01:56->分包id：1284，渠道id：346，游戏id：60146渠道标识：mxkl_60146_346，游戏链接：mxkl_60146/mxkl_60146_346.apk添加成功！
2017-04-16 16:02:17->分包id：1285，渠道id：346，游戏id：60147渠道标识：zlcs_60147_346，游戏链接：zlcs_60147/zlcs_60147_346.apk添加成功！
2017-04-16 16:02:34->分包id：1286，渠道id：346，游戏id：60148渠道标识：xzqszl_60148_346，游戏链接：xzqszl_60148/xzqszl_60148_346.apk添加成功！
2017-04-16 16:02:43->分包id：1286，渠道id：346，游戏id：60148渠道标识：xzqszl_60148_346，游戏链接：xzqszl_60148/xzqszl_60148_346.apk添加成功！
2017-04-16 16:03:05->分包id：1287，渠道id：346，游戏id：60149渠道标识：snfs_60149_346，游戏链接：snfs_60149/snfs_60149_346.apk添加成功！
2017-04-16 16:03:18->分包id：1287，渠道id：346，游戏id：60149渠道标识：snfs_60149_346，游戏链接：snfs_60149/snfs_60149_346.apk添加成功！
2017-04-16 16:03:29->分包id：1279，渠道id：346，游戏id：60137渠道标识：mhsw_60137_346，游戏链接：mhsw_60137/mhsw_60137_346.apk添加成功！
2017-04-16 16:03:42->分包id：1288，渠道id：346，游戏id：60153渠道标识：szol_60153_346，游戏链接：szol_60153/szol_60153_346.apk添加成功！
2017-04-16 16:03:56->分包id：1289，渠道id：346，游戏id：60152渠道标识：xbkp_60152_346，游戏链接：xbkp_60152/xbkp_60152_346.apk添加成功！
2017-04-16 16:04:07->分包id：1290，渠道id：346，游戏id：60155渠道标识：kdyggba_60155_346，游戏链接：kdyggba_60155/kdyggba_60155_346.apk添加成功！
2017-04-16 16:04:25->分包id：1291，渠道id：346，游戏id：60157渠道标识：dgsg_60157_346，游戏链接：dgsg_60157/dgsg_60157_346.apk添加成功！
2017-04-16 16:04:42->分包id：1292，渠道id：346，游戏id：60158渠道标识：bzgl_60158_346，游戏链接：bzgl_60158/bzgl_60158_346.apk添加成功！
2017-04-16 16:04:57->分包id：1293，渠道id：346，游戏id：60165渠道标识：jxws_60165_346，游戏链接：jxws_60165/jxws_60165_346.apk添加成功！
2017-04-16 16:05:16->分包id：1294，渠道id：346，游戏id：60172渠道标识：ht_60172_346，游戏链接：ht_60172/ht_60172_346.apk添加成功！
2017-04-16 16:05:24->分包id：825，渠道id：293，游戏id：60157渠道标识：dgsg_60157_293，游戏链接：dgsg_60157/dgsg_60157_293.apk添加成功！
2017-04-16 16:05:44->分包id：1295，渠道id：346，游戏id：60170渠道标识：eva_60170_346，游戏链接：eva_60170/eva_60170_346.apk添加成功！
2017-04-16 16:06:05->分包id：1296，渠道id：346，游戏id：60171渠道标识：xyfx_60171_346，游戏链接：xyfx_60171/xyfx_60171_346.apk添加成功！
2017-04-16 16:41:53->分包id：813，渠道id：293，游戏id：60099渠道标识：hc_60099_293，游戏链接：hc_60099/hc_60099_293.apk添加成功！
2017-04-16 18:15:25->分包id：801，渠道id：293，游戏id：60028渠道标识：lxzj_60028_293，游戏链接：lxzj_60028/lxzj_60028_293.apk添加成功！
2017-04-17 14:16:12->分包id：1297，渠道id：348，游戏id：60196渠道标识：ssss_60196_348，游戏链接：ssss_60196/ssss_60196_348.apk添加成功！
2017-04-17 14:21:08->分包id：1298，渠道id：349，游戏id：60147渠道标识：zlcs_60147_349，游戏链接：zlcs_60147/zlcs_60147_349.apk添加成功！
2017-04-17 17:40:41->分包id：1199，渠道id：168，游戏id：60189渠道标识：l_g_60189_168，游戏链接：l_g_60189/l_g_60189_168.apk添加成功！
2017-04-17 17:40:59->分包id：1299，渠道id：256，游戏id：60189渠道标识：l_g_60189_256，游戏链接：l_g_60189/l_g_60189_256.apk添加成功！
2017-04-17 19:17:40->分包id：1300，渠道id：351，游戏id：60147渠道标识：zlcs_60147_351，游戏链接：zlcs_60147/zlcs_60147_351.apk添加成功！
2017-04-17 19:17:56->分包id：1301，渠道id：352，游戏id：60147渠道标识：zlcs_60147_352，游戏链接：zlcs_60147/zlcs_60147_352.apk添加成功！
2017-04-18 10:37:02->分包id：1302，渠道id：123，游戏id：60153渠道标识：szol_60153_123，游戏链接：szol_60153/szol_60153_123.apk添加成功！
2017-04-18 10:41:11->分包id：1303，渠道id：168，游戏id：60202渠道标识：ssthj_60202_168，游戏链接：ssthj_60202/ssthj_60202_168.apk添加成功！
2017-04-18 10:41:26->分包id：1304，渠道id：269，游戏id：60202渠道标识：ssthj_60202_269，游戏链接：ssthj_60202/ssthj_60202_269.apk添加成功！
2017-04-18 10:41:51->分包id：1305，渠道id：283，游戏id：60202渠道标识：ssthj_60202_283，游戏链接：ssthj_60202/ssthj_60202_283.apk添加成功！
2017-04-18 10:45:04->分包id：238，渠道id：123，游戏id：60129渠道标识：jzcq_60129_123，游戏链接：jzcq_60129/jzcq_60129_123.apk添加成功！
2017-04-18 10:45:15->分包id：1306，渠道id：168，游戏id：60201渠道标识：lzg_60201_168，游戏链接：lzg_60201/lzg_60201_168.apk添加成功！
2017-04-18 10:45:29->分包id：1307，渠道id：269，游戏id：60201渠道标识：lzg_60201_269，游戏链接：lzg_60201/lzg_60201_269.apk添加成功！
2017-04-18 10:45:46->分包id：1308，渠道id：283，游戏id：60201渠道标识：lzg_60201_283，游戏链接：lzg_60201/lzg_60201_283.apk添加成功！
2017-04-18 10:45:58->分包id：1309，渠道id：123，游戏id：60126渠道标识：tmyx_60126_123，游戏链接：tmyx_60126/tmyx_60126_123.apk添加成功！
2017-04-18 10:46:16->分包id：1310，渠道id：123，游戏id：60155渠道标识：kdyggba_60155_123，游戏链接：kdyggba_60155/kdyggba_60155_123.apk添加成功！
2017-04-18 10:46:39->分包id：1311，渠道id：123，游戏id：60138渠道标识：xzn_60138_123，游戏链接：xzn_60138/xzn_60138_123.apk添加成功！
2017-04-18 10:47:04->分包id：1312，渠道id：123，游戏id：60186渠道标识：wwyxhqc_60186_123，游戏链接：wwyxhqc_60186/wwyxhqc_60186_123.apk添加成功！
2017-04-18 10:47:12->分包id：1313，渠道id：168，游戏id：60195渠道标识：wjmt_qhzl_60195_168，游戏链接：wjmt_qhzl_60195/wjmt_qhzl_60195_168.apk添加成功！
2017-04-18 10:47:27->分包id：1314，渠道id：123，游戏id：60143渠道标识：jzsbk_60143_123，游戏链接：jzsbk_60143/jzsbk_60143_123.apk添加成功！
2017-04-18 10:47:38->分包id：1315，渠道id：283，游戏id：60195渠道标识：wjmt_qhzl_60195_283，游戏链接：wjmt_qhzl_60195/wjmt_qhzl_60195_283.apk添加成功！
2017-04-18 10:47:47->分包id：1317，渠道id：269，游戏id：60195渠道标识：wjmt_qhzl_60195_269，游戏链接：wjmt_qhzl_60195/wjmt_qhzl_60195_269.apk添加成功！
2017-04-18 10:48:04->分包id：1316，渠道id：123，游戏id：60145渠道标识：djkw_60145_123，游戏链接：djkw_60145/djkw_60145_123.apk添加成功！
2017-04-18 10:48:28->分包id：1318，渠道id：123，游戏id：60137渠道标识：mhsw_60137_123，游戏链接：mhsw_60137/mhsw_60137_123.apk添加成功！
2017-04-18 10:48:50->分包id：1319，渠道id：123，游戏id：60185渠道标识：qmdmx_60185_123，游戏链接：qmdmx_60185/qmdmx_60185_123.apk添加成功！
2017-04-18 10:49:13->分包id：1320，渠道id：123，游戏id：60124渠道标识：xxxk_60124_123，游戏链接：xxxk_60124/xxxk_60124_123.apk添加成功！
2017-04-18 10:49:27->分包id：1321，渠道id：123，游戏id：60139渠道标识：xljs_60139_123，游戏链接：xljs_60139/xljs_60139_123.apk添加成功！
2017-04-18 10:49:47->分包id：1322，渠道id：123，游戏id：60136渠道标识：ssol_60136_123，游戏链接：ssol_60136/ssol_60136_123.apk添加成功！
2017-04-18 10:50:02->分包id：1323，渠道id：123，游戏id：60189渠道标识：l_g_60189_123，游戏链接：l_g_60189/l_g_60189_123.apk添加成功！
2017-04-18 10:50:12->分包id：1324，渠道id：168，游戏id：60196渠道标识：ssss_60196_168，游戏链接：ssss_60196/ssss_60196_168.apk添加成功！
2017-04-18 10:50:14->分包id：571，渠道id：123，游戏id：60147渠道标识：zlcs_60147_123，游戏链接：zlcs_60147/zlcs_60147_123.apk添加成功！
2017-04-18 10:50:28->分包id：1325，渠道id：123，游戏id：60150渠道标识：mhjwz_60150_123，游戏链接：mhjwz_60150/mhjwz_60150_123.apk添加成功！
2017-04-18 10:50:37->分包id：1326，渠道id：269，游戏id：60196渠道标识：ssss_60196_269，游戏链接：ssss_60196/ssss_60196_269.apk添加成功！
2017-04-18 10:50:52->分包id：1327，渠道id：123，游戏id：60132渠道标识：ws_60132_123，游戏链接：ws_60132/ws_60132_123.apk添加成功！
2017-04-18 10:51:01->分包id：1328，渠道id：283，游戏id：60196渠道标识：ssss_60196_283，游戏链接：ssss_60196/ssss_60196_283.apk添加成功！
2017-04-18 10:51:15->分包id：1329，渠道id：123，游戏id：60184渠道标识：slzz_60184_123，游戏链接：slzz_60184/slzz_60184_123.apk添加成功！
2017-04-18 10:51:27->分包id：1330，渠道id：123，游戏id：60123渠道标识：ggsg_60123_123，游戏链接：ggsg_60123/ggsg_60123_123.apk添加成功！
2017-04-18 10:51:39->分包id：1331，渠道id：123，游戏id：60157渠道标识：dgsg_60157_123，游戏链接：dgsg_60157/dgsg_60157_123.apk添加成功！
2017-04-18 10:59:18->分包id：1332，渠道id：123，游戏id：60200渠道标识：gtx_60200_123，游戏链接：gtx_60200/gtx_60200_123.apk添加成功！
2017-04-18 10:59:38->分包id：1333，渠道id：123，游戏id：60196渠道标识：ssss_60196_123，游戏链接：ssss_60196/ssss_60196_123.apk添加成功！
2017-04-18 11:00:48->分包id：1334，渠道id：123，游戏id：60201渠道标识：lzg_60201_123，游戏链接：lzg_60201/lzg_60201_123.apk添加成功！
2017-04-18 11:01:17->分包id：1335，渠道id：123，游戏id：60195渠道标识：wjmt_qhzl_60195_123，游戏链接：wjmt_qhzl_60195/wjmt_qhzl_60195_123.apk添加成功！
2017-04-18 11:03:37->分包id：1336，渠道id：169，游戏id：60200渠道标识：gtx_60200_169，游戏链接：gtx_60200/gtx_60200_169.apk添加成功！
2017-04-18 11:04:14->分包id：1337，渠道id：257，游戏id：60200渠道标识：gtx_60200_257，游戏链接：gtx_60200/gtx_60200_257.apk添加成功！
2017-04-18 11:04:52->分包id：1338，渠道id：241，游戏id：60200渠道标识：gtx_60200_241，游戏链接：gtx_60200/gtx_60200_241.apk添加成功！
2017-04-18 11:05:40->分包id：1339，渠道id：289，游戏id：60200渠道标识：gtx_60200_289，游戏链接：gtx_60200/gtx_60200_289.apk添加成功！
2017-04-18 11:06:46->分包id：1340，渠道id：290，游戏id：60200渠道标识：gtx_60200_290，游戏链接：gtx_60200/gtx_60200_290.apk添加成功！
2017-04-18 11:07:08->分包id：1341，渠道id：291，游戏id：60200渠道标识：gtx_60200_291，游戏链接：gtx_60200/gtx_60200_291.apk添加成功！
2017-04-18 11:07:34->分包id：1342，渠道id：293，游戏id：60200渠道标识：gtx_60200_293，游戏链接：gtx_60200/gtx_60200_293.apk添加成功！
2017-04-18 11:08:01->分包id：1343，渠道id：310，游戏id：60200渠道标识：gtx_60200_310，游戏链接：gtx_60200/gtx_60200_310.apk添加成功！
2017-04-18 11:08:35->分包id：1344，渠道id：346，游戏id：60200渠道标识：gtx_60200_346，游戏链接：gtx_60200/gtx_60200_346.apk添加成功！
2017-04-18 11:10:20->分包id：1345，渠道id：169，游戏id：60196渠道标识：ssss_60196_169，游戏链接：ssss_60196/ssss_60196_169.apk添加成功！
2017-04-18 11:10:57->分包id：1346，渠道id：257，游戏id：60196渠道标识：ssss_60196_257，游戏链接：ssss_60196/ssss_60196_257.apk添加成功！
2017-04-18 11:11:41->分包id：1347，渠道id：241，游戏id：60196渠道标识：ssss_60196_241，游戏链接：ssss_60196/ssss_60196_241.apk添加成功！
2017-04-18 11:12:21->分包id：1348，渠道id：289，游戏id：60196渠道标识：ssss_60196_289，游戏链接：ssss_60196/ssss_60196_289.apk添加成功！
2017-04-18 11:12:55->分包id：1349，渠道id：290，游戏id：60196渠道标识：ssss_60196_290，游戏链接：ssss_60196/ssss_60196_290.apk添加成功！
2017-04-18 11:13:18->分包id：1350，渠道id：291，游戏id：60196渠道标识：ssss_60196_291，游戏链接：ssss_60196/ssss_60196_291.apk添加成功！
2017-04-18 11:13:47->分包id：1351，渠道id：293，游戏id：60196渠道标识：ssss_60196_293，游戏链接：ssss_60196/ssss_60196_293.apk添加成功！
2017-04-18 11:14:10->分包id：1352，渠道id：310，游戏id：60196渠道标识：ssss_60196_310，游戏链接：ssss_60196/ssss_60196_310.apk添加成功！
2017-04-18 11:14:40->分包id：1353，渠道id：346，游戏id：60196渠道标识：ssss_60196_346，游戏链接：ssss_60196/ssss_60196_346.apk添加成功！
2017-04-18 11:15:44->分包id：1354，渠道id：169，游戏id：60201渠道标识：lzg_60201_169，游戏链接：lzg_60201/lzg_60201_169.apk添加成功！
2017-04-18 11:16:29->分包id：1355，渠道id：257，游戏id：60201渠道标识：lzg_60201_257，游戏链接：lzg_60201/lzg_60201_257.apk添加成功！
2017-04-18 11:16:53->分包id：1356，渠道id：241，游戏id：60201渠道标识：lzg_60201_241，游戏链接：lzg_60201/lzg_60201_241.apk添加成功！
2017-04-18 11:17:13->分包id：1357，渠道id：289，游戏id：60201渠道标识：lzg_60201_289，游戏链接：lzg_60201/lzg_60201_289.apk添加成功！
2017-04-18 11:17:36->分包id：1358，渠道id：290，游戏id：60201渠道标识：lzg_60201_290，游戏链接：lzg_60201/lzg_60201_290.apk添加成功！
2017-04-18 11:18:03->分包id：1359，渠道id：291，游戏id：60201渠道标识：lzg_60201_291，游戏链接：lzg_60201/lzg_60201_291.apk添加成功！
2017-04-18 11:18:26->分包id：1360，渠道id：293，游戏id：60201渠道标识：lzg_60201_293，游戏链接：lzg_60201/lzg_60201_293.apk添加成功！
2017-04-18 11:18:45->分包id：1361，渠道id：310，游戏id：60201渠道标识：lzg_60201_310，游戏链接：lzg_60201/lzg_60201_310.apk添加成功！
2017-04-18 11:19:13->分包id：1362，渠道id：346，游戏id：60201渠道标识：lzg_60201_346，游戏链接：lzg_60201/lzg_60201_346.apk添加成功！
2017-04-18 11:20:19->分包id：1363，渠道id：169，游戏id：60195渠道标识：wjmt_qhzl_60195_169，游戏链接：wjmt_qhzl_60195/wjmt_qhzl_60195_169.apk添加成功！
2017-04-18 11:20:54->分包id：1364，渠道id：257，游戏id：60195渠道标识：wjmt_qhzl_60195_257，游戏链接：wjmt_qhzl_60195/wjmt_qhzl_60195_257.apk添加成功！
2017-04-18 11:21:43->分包id：1365，渠道id：241，游戏id：60195渠道标识：wjmt_qhzl_60195_241，游戏链接：wjmt_qhzl_60195/wjmt_qhzl_60195_241.apk添加成功！
2017-04-18 11:21:51->分包id：1366，渠道id：168，游戏id：60200渠道标识：gtx_60200_168，游戏链接：gtx_60200/gtx_60200_168.apk添加成功！
2017-04-18 11:22:04->分包id：1367，渠道id：289，游戏id：60195渠道标识：wjmt_qhzl_60195_289，游戏链接：wjmt_qhzl_60195/wjmt_qhzl_60195_289.apk添加成功！
2017-04-18 11:22:12->分包id：1368，渠道id：269，游戏id：60200渠道标识：gtx_60200_269，游戏链接：gtx_60200/gtx_60200_269.apk添加成功！
2017-04-18 11:22:34->分包id：1369，渠道id：283，游戏id：60200渠道标识：gtx_60200_283，游戏链接：gtx_60200/gtx_60200_283.apk添加成功！
2017-04-18 11:22:41->分包id：1370，渠道id：290，游戏id：60195渠道标识：wjmt_qhzl_60195_290，游戏链接：wjmt_qhzl_60195/wjmt_qhzl_60195_290.apk添加成功！
2017-04-18 11:23:06->分包id：1371，渠道id：291，游戏id：60195渠道标识：wjmt_qhzl_60195_291，游戏链接：wjmt_qhzl_60195/wjmt_qhzl_60195_291.apk添加成功！
2017-04-18 11:23:49->分包id：1372，渠道id：293，游戏id：60195渠道标识：wjmt_qhzl_60195_293，游戏链接：wjmt_qhzl_60195/wjmt_qhzl_60195_293.apk添加成功！
2017-04-18 11:24:15->分包id：1373，渠道id：310，游戏id：60195渠道标识：wjmt_qhzl_60195_310，游戏链接：wjmt_qhzl_60195/wjmt_qhzl_60195_310.apk添加成功！
2017-04-18 11:24:57->分包id：1374，渠道id：346，游戏id：60195渠道标识：wjmt_qhzl_60195_346，游戏链接：wjmt_qhzl_60195/wjmt_qhzl_60195_346.apk添加成功！
2017-04-18 11:25:29->分包id：1375，渠道id：169，游戏id：60202渠道标识：ssthj_60202_169，游戏链接：ssthj_60202/ssthj_60202_169.apk添加成功！
2017-04-18 11:26:10->分包id：1376，渠道id：257，游戏id：60202渠道标识：ssthj_60202_257，游戏链接：ssthj_60202/ssthj_60202_257.apk添加成功！
2017-04-18 11:26:41->分包id：1377，渠道id：241，游戏id：60202渠道标识：ssthj_60202_241，游戏链接：ssthj_60202/ssthj_60202_241.apk添加成功！
2017-04-18 11:27:10->分包id：1378，渠道id：289，游戏id：60202渠道标识：ssthj_60202_289，游戏链接：ssthj_60202/ssthj_60202_289.apk添加成功！
2017-04-18 11:27:33->分包id：1379，渠道id：290，游戏id：60202渠道标识：ssthj_60202_290，游戏链接：ssthj_60202/ssthj_60202_290.apk添加成功！
2017-04-18 11:27:55->分包id：1380，渠道id：291，游戏id：60202渠道标识：ssthj_60202_291，游戏链接：ssthj_60202/ssthj_60202_291.apk添加成功！
2017-04-18 11:30:55->分包id：1381，渠道id：293，游戏id：60202渠道标识：ssthj_60202_293，游戏链接：ssthj_60202/ssthj_60202_293.apk添加成功！
2017-04-18 11:31:32->分包id：1382，渠道id：310，游戏id：60202渠道标识：ssthj_60202_310，游戏链接：ssthj_60202/ssthj_60202_310.apk添加成功！
2017-04-18 11:31:55->分包id：1383，渠道id：346，游戏id：60202渠道标识：ssthj_60202_346，游戏链接：ssthj_60202/ssthj_60202_346.apk添加成功！
2017-04-18 11:42:01->分包id：1302，渠道id：123，游戏id：60153渠道标识：szol_60153_123，游戏链接：szol_60153/szol_60153_123.apk添加成功！
2017-04-18 11:45:00->分包id：1384，渠道id：344，游戏id：60200渠道标识：gtx_60200_344，游戏链接：gtx_60200/gtx_60200_344.apk添加成功！
2017-04-18 11:45:28->分包id：1385，渠道id：344，游戏id：60196渠道标识：ssss_60196_344，游戏链接：ssss_60196/ssss_60196_344.apk添加成功！
2017-04-18 11:45:49->分包id：1386，渠道id：344，游戏id：60201渠道标识：lzg_60201_344，游戏链接：lzg_60201/lzg_60201_344.apk添加成功！
2017-04-18 11:46:07->分包id：1387，渠道id：344，游戏id：60195渠道标识：wjmt_qhzl_60195_344，游戏链接：wjmt_qhzl_60195/wjmt_qhzl_60195_344.apk添加成功！
2017-04-18 11:46:21->分包id：1388，渠道id：344，游戏id：60202渠道标识：ssthj_60202_344，游戏链接：ssthj_60202/ssthj_60202_344.apk添加成功！
2017-04-18 11:47:07->分包id：1389，渠道id：225，游戏id：60200渠道标识：gtx_60200_225，游戏链接：gtx_60200/gtx_60200_225.apk添加成功！
2017-04-18 11:47:49->分包id：1390，渠道id：225，游戏id：60196渠道标识：ssss_60196_225，游戏链接：ssss_60196/ssss_60196_225.apk添加成功！
2017-04-18 11:48:13->分包id：1391，渠道id：225，游戏id：60202渠道标识：ssthj_60202_225，游戏链接：ssthj_60202/ssthj_60202_225.apk添加成功！
2017-04-18 11:48:37->分包id：1392，渠道id：225，游戏id：60201渠道标识：lzg_60201_225，游戏链接：lzg_60201/lzg_60201_225.apk添加成功！
2017-04-18 11:49:23->分包id：1393，渠道id：225，游戏id：60195渠道标识：wjmt_qhzl_60195_225，游戏链接：wjmt_qhzl_60195/wjmt_qhzl_60195_225.apk添加成功！
2017-04-18 11:50:28->分包id：1394，渠道id：330，游戏id：60200渠道标识：gtx_60200_330，游戏链接：gtx_60200/gtx_60200_330.apk添加成功！
2017-04-18 11:50:53->分包id：1395，渠道id：330，游戏id：60196渠道标识：ssss_60196_330，游戏链接：ssss_60196/ssss_60196_330.apk添加成功！
2017-04-18 11:51:29->分包id：1396，渠道id：330，游戏id：60202渠道标识：ssthj_60202_330，游戏链接：ssthj_60202/ssthj_60202_330.apk添加成功！
2017-04-18 11:51:59->分包id：1397，渠道id：330，游戏id：60201渠道标识：lzg_60201_330，游戏链接：lzg_60201/lzg_60201_330.apk添加成功！
2017-04-18 11:52:21->分包id：1398，渠道id：330，游戏id：60195渠道标识：wjmt_qhzl_60195_330，游戏链接：wjmt_qhzl_60195/wjmt_qhzl_60195_330.apk添加成功！
2017-04-18 11:56:14->分包id：1208，渠道id：168，游戏id：60184渠道标识：slzz_60184_168，游戏链接：slzz_60184/slzz_60184_168.apk添加成功！
2017-04-18 12:01:32->分包id：1399，渠道id：304，游戏id：60184渠道标识：slzz_60184_304，游戏链接：slzz_60184/slzz_60184_304.apk添加成功！
2017-04-18 12:28:30->分包id：1208，渠道id：168，游戏id：60184渠道标识：slzz_60184_168，游戏链接：slzz_60184/slzz_60184_168.apk添加成功！
2017-04-18 12:32:31->分包id：1245，渠道id：168，游戏id：60179渠道标识：mhzt_60179_168，游戏链接：mhzt_60179/mhzt_60179_168.apk添加成功！
2017-04-18 12:40:40->分包id：1400，渠道id：168，游戏id：60192渠道标识：mljx_60192_168，游戏链接：mljx_60192/mljx_60192_168.apk添加成功！
2017-04-18 14:39:38->分包id：1401，渠道id：291，游戏id：60178渠道标识：yhqj_60178_291，游戏链接：yhqj_60178/yhqj_60178_291.apk添加成功！
